<?xml version="1.0" encoding="UTF-8"?>
<testsuite xmlns:xsi="http://www.w3.org/2001/XMLSchema-instance" xsi:noNamespaceSchemaLocation="https://maven.apache.org/surefire/maven-surefire-plugin/xsd/surefire-test-report.xsd" name="com.alibou.security.SecurityApplicationTests" time="5.287" tests="1" errors="1" skipped="0" failures="0">
  <properties>
    <property name="java.specification.version" value="19"/>
    <property name="sun.cpu.isalist" value="amd64"/>
    <property name="sun.jnu.encoding" value="Cp1252"/>
    <property name="java.class.path" value="C:\Users\KGwandira\Desktop\personal\Spring\spring-boot-3-jwt-security\target\test-classes;C:\Users\KGwandira\Desktop\personal\Spring\spring-boot-3-jwt-security\target\classes;C:\Users\KGwandira\.m2\repository\org\springframework\boot\spring-boot-starter-data-jpa\3.0.5\spring-boot-starter-data-jpa-3.0.5.jar;C:\Users\KGwandira\.m2\repository\org\springframework\boot\spring-boot-starter-aop\3.0.5\spring-boot-starter-aop-3.0.5.jar;C:\Users\KGwandira\.m2\repository\org\aspectj\aspectjweaver\1.9.19\aspectjweaver-1.9.19.jar;C:\Users\KGwandira\.m2\repository\org\springframework\boot\spring-boot-starter-jdbc\3.0.5\spring-boot-starter-jdbc-3.0.5.jar;C:\Users\KGwandira\.m2\repository\com\zaxxer\HikariCP\5.0.1\HikariCP-5.0.1.jar;C:\Users\KGwandira\.m2\repository\org\springframework\spring-jdbc\6.0.7\spring-jdbc-6.0.7.jar;C:\Users\KGwandira\.m2\repository\org\hibernate\orm\hibernate-core\6.1.7.Final\hibernate-core-6.1.7.Final.jar;C:\Users\KGwandira\.m2\repository\jakarta\persistence\jakarta.persistence-api\3.1.0\jakarta.persistence-api-3.1.0.jar;C:\Users\KGwandira\.m2\repository\jakarta\transaction\jakarta.transaction-api\2.0.1\jakarta.transaction-api-2.0.1.jar;C:\Users\KGwandira\.m2\repository\org\jboss\logging\jboss-logging\3.5.0.Final\jboss-logging-3.5.0.Final.jar;C:\Users\KGwandira\.m2\repository\org\hibernate\common\hibernate-commons-annotations\6.0.6.Final\hibernate-commons-annotations-6.0.6.Final.jar;C:\Users\KGwandira\.m2\repository\org\jboss\jandex\2.4.2.Final\jandex-2.4.2.Final.jar;C:\Users\KGwandira\.m2\repository\com\fasterxml\classmate\1.5.1\classmate-1.5.1.jar;C:\Users\KGwandira\.m2\repository\net\bytebuddy\byte-buddy\1.12.23\byte-buddy-1.12.23.jar;C:\Users\KGwandira\.m2\repository\org\glassfish\jaxb\jaxb-runtime\4.0.2\jaxb-runtime-4.0.2.jar;C:\Users\KGwandira\.m2\repository\org\glassfish\jaxb\jaxb-core\4.0.2\jaxb-core-4.0.2.jar;C:\Users\KGwandira\.m2\repository\org\eclipse\angus\angus-activation\2.0.0\angus-activation-2.0.0.jar;C:\Users\KGwandira\.m2\repository\org\glassfish\jaxb\txw2\4.0.2\txw2-4.0.2.jar;C:\Users\KGwandira\.m2\repository\com\sun\istack\istack-commons-runtime\4.1.1\istack-commons-runtime-4.1.1.jar;C:\Users\KGwandira\.m2\repository\jakarta\inject\jakarta.inject-api\2.0.0\jakarta.inject-api-2.0.0.jar;C:\Users\KGwandira\.m2\repository\org\antlr\antlr4-runtime\4.10.1\antlr4-runtime-4.10.1.jar;C:\Users\KGwandira\.m2\repository\org\springframework\data\spring-data-jpa\3.0.4\spring-data-jpa-3.0.4.jar;C:\Users\KGwandira\.m2\repository\org\springframework\data\spring-data-commons\3.0.4\spring-data-commons-3.0.4.jar;C:\Users\KGwandira\.m2\repository\org\springframework\spring-orm\6.0.7\spring-orm-6.0.7.jar;C:\Users\KGwandira\.m2\repository\org\springframework\spring-context\6.0.7\spring-context-6.0.7.jar;C:\Users\KGwandira\.m2\repository\org\springframework\spring-tx\6.0.7\spring-tx-6.0.7.jar;C:\Users\KGwandira\.m2\repository\org\springframework\spring-beans\6.0.7\spring-beans-6.0.7.jar;C:\Users\KGwandira\.m2\repository\jakarta\annotation\jakarta.annotation-api\2.1.1\jakarta.annotation-api-2.1.1.jar;C:\Users\KGwandira\.m2\repository\org\slf4j\slf4j-api\2.0.7\slf4j-api-2.0.7.jar;C:\Users\KGwandira\.m2\repository\org\springframework\spring-aspects\6.0.7\spring-aspects-6.0.7.jar;C:\Users\KGwandira\.m2\repository\org\springframework\boot\spring-boot-starter-security\3.0.5\spring-boot-starter-security-3.0.5.jar;C:\Users\KGwandira\.m2\repository\org\springframework\boot\spring-boot-starter\3.0.5\spring-boot-starter-3.0.5.jar;C:\Users\KGwandira\.m2\repository\org\springframework\boot\spring-boot\3.0.5\spring-boot-3.0.5.jar;C:\Users\KGwandira\.m2\repository\org\springframework\boot\spring-boot-autoconfigure\3.0.5\spring-boot-autoconfigure-3.0.5.jar;C:\Users\KGwandira\.m2\repository\org\springframework\boot\spring-boot-starter-logging\3.0.5\spring-boot-starter-logging-3.0.5.jar;C:\Users\KGwandira\.m2\repository\ch\qos\logback\logback-classic\1.4.6\logback-classic-1.4.6.jar;C:\Users\KGwandira\.m2\repository\ch\qos\logback\logback-core\1.4.6\logback-core-1.4.6.jar;C:\Users\KGwandira\.m2\repository\org\apache\logging\log4j\log4j-to-slf4j\2.19.0\log4j-to-slf4j-2.19.0.jar;C:\Users\KGwandira\.m2\repository\org\apache\logging\log4j\log4j-api\2.19.0\log4j-api-2.19.0.jar;C:\Users\KGwandira\.m2\repository\org\slf4j\jul-to-slf4j\2.0.7\jul-to-slf4j-2.0.7.jar;C:\Users\KGwandira\.m2\repository\org\yaml\snakeyaml\1.33\snakeyaml-1.33.jar;C:\Users\KGwandira\.m2\repository\org\springframework\spring-aop\6.0.7\spring-aop-6.0.7.jar;C:\Users\KGwandira\.m2\repository\org\springframework\security\spring-security-config\6.0.2\spring-security-config-6.0.2.jar;C:\Users\KGwandira\.m2\repository\org\springframework\security\spring-security-web\6.0.2\spring-security-web-6.0.2.jar;C:\Users\KGwandira\.m2\repository\org\springframework\spring-expression\6.0.7\spring-expression-6.0.7.jar;C:\Users\KGwandira\.m2\repository\org\springframework\boot\spring-boot-starter-web\3.0.5\spring-boot-starter-web-3.0.5.jar;C:\Users\KGwandira\.m2\repository\org\springframework\boot\spring-boot-starter-json\3.0.5\spring-boot-starter-json-3.0.5.jar;C:\Users\KGwandira\.m2\repository\com\fasterxml\jackson\datatype\jackson-datatype-jdk8\2.14.2\jackson-datatype-jdk8-2.14.2.jar;C:\Users\KGwandira\.m2\repository\com\fasterxml\jackson\datatype\jackson-datatype-jsr310\2.14.2\jackson-datatype-jsr310-2.14.2.jar;C:\Users\KGwandira\.m2\repository\com\fasterxml\jackson\module\jackson-module-parameter-names\2.14.2\jackson-module-parameter-names-2.14.2.jar;C:\Users\KGwandira\.m2\repository\org\springframework\boot\spring-boot-starter-tomcat\3.0.5\spring-boot-starter-tomcat-3.0.5.jar;C:\Users\KGwandira\.m2\repository\org\apache\tomcat\embed\tomcat-embed-core\10.1.7\tomcat-embed-core-10.1.7.jar;C:\Users\KGwandira\.m2\repository\org\apache\tomcat\embed\tomcat-embed-websocket\10.1.7\tomcat-embed-websocket-10.1.7.jar;C:\Users\KGwandira\.m2\repository\org\springframework\spring-web\6.0.7\spring-web-6.0.7.jar;C:\Users\KGwandira\.m2\repository\io\micrometer\micrometer-observation\1.10.5\micrometer-observation-1.10.5.jar;C:\Users\KGwandira\.m2\repository\io\micrometer\micrometer-commons\1.10.5\micrometer-commons-1.10.5.jar;C:\Users\KGwandira\.m2\repository\org\springframework\spring-webmvc\6.0.7\spring-webmvc-6.0.7.jar;C:\Users\KGwandira\.m2\repository\org\postgresql\postgresql\42.5.4\postgresql-42.5.4.jar;C:\Users\KGwandira\.m2\repository\org\checkerframework\checker-qual\3.5.0\checker-qual-3.5.0.jar;C:\Users\KGwandira\.m2\repository\org\projectlombok\lombok\1.18.26\lombok-1.18.26.jar;C:\Users\KGwandira\.m2\repository\io\jsonwebtoken\jjwt-api\0.11.5\jjwt-api-0.11.5.jar;C:\Users\KGwandira\.m2\repository\io\jsonwebtoken\jjwt-impl\0.11.5\jjwt-impl-0.11.5.jar;C:\Users\KGwandira\.m2\repository\io\jsonwebtoken\jjwt-jackson\0.11.5\jjwt-jackson-0.11.5.jar;C:\Users\KGwandira\.m2\repository\com\fasterxml\jackson\core\jackson-databind\2.14.2\jackson-databind-2.14.2.jar;C:\Users\KGwandira\.m2\repository\com\fasterxml\jackson\core\jackson-annotations\2.14.2\jackson-annotations-2.14.2.jar;C:\Users\KGwandira\.m2\repository\com\fasterxml\jackson\core\jackson-core\2.14.2\jackson-core-2.14.2.jar;C:\Users\KGwandira\.m2\repository\org\springdoc\springdoc-openapi-starter-webmvc-ui\2.1.0\springdoc-openapi-starter-webmvc-ui-2.1.0.jar;C:\Users\KGwandira\.m2\repository\org\springdoc\springdoc-openapi-starter-webmvc-api\2.1.0\springdoc-openapi-starter-webmvc-api-2.1.0.jar;C:\Users\KGwandira\.m2\repository\org\springdoc\springdoc-openapi-starter-common\2.1.0\springdoc-openapi-starter-common-2.1.0.jar;C:\Users\KGwandira\.m2\repository\io\swagger\core\v3\swagger-core-jakarta\2.2.9\swagger-core-jakarta-2.2.9.jar;C:\Users\KGwandira\.m2\repository\org\apache\commons\commons-lang3\3.12.0\commons-lang3-3.12.0.jar;C:\Users\KGwandira\.m2\repository\io\swagger\core\v3\swagger-annotations-jakarta\2.2.9\swagger-annotations-jakarta-2.2.9.jar;C:\Users\KGwandira\.m2\repository\io\swagger\core\v3\swagger-models-jakarta\2.2.9\swagger-models-jakarta-2.2.9.jar;C:\Users\KGwandira\.m2\repository\com\fasterxml\jackson\dataformat\jackson-dataformat-yaml\2.14.2\jackson-dataformat-yaml-2.14.2.jar;C:\Users\KGwandira\.m2\repository\org\webjars\swagger-ui\4.18.2\swagger-ui-4.18.2.jar;C:\Users\KGwandira\.m2\repository\org\springframework\boot\spring-boot-starter-validation\3.0.5\spring-boot-starter-validation-3.0.5.jar;C:\Users\KGwandira\.m2\repository\org\apache\tomcat\embed\tomcat-embed-el\10.1.7\tomcat-embed-el-10.1.7.jar;C:\Users\KGwandira\.m2\repository\org\hibernate\validator\hibernate-validator\8.0.0.Final\hibernate-validator-8.0.0.Final.jar;C:\Users\KGwandira\.m2\repository\jakarta\validation\jakarta.validation-api\3.0.2\jakarta.validation-api-3.0.2.jar;C:\Users\KGwandira\.m2\repository\org\springframework\boot\spring-boot-starter-test\3.0.5\spring-boot-starter-test-3.0.5.jar;C:\Users\KGwandira\.m2\repository\org\springframework\boot\spring-boot-test\3.0.5\spring-boot-test-3.0.5.jar;C:\Users\KGwandira\.m2\repository\org\springframework\boot\spring-boot-test-autoconfigure\3.0.5\spring-boot-test-autoconfigure-3.0.5.jar;C:\Users\KGwandira\.m2\repository\com\jayway\jsonpath\json-path\2.7.0\json-path-2.7.0.jar;C:\Users\KGwandira\.m2\repository\net\minidev\json-smart\2.4.10\json-smart-2.4.10.jar;C:\Users\KGwandira\.m2\repository\net\minidev\accessors-smart\2.4.9\accessors-smart-2.4.9.jar;C:\Users\KGwandira\.m2\repository\org\ow2\asm\asm\9.3\asm-9.3.jar;C:\Users\KGwandira\.m2\repository\jakarta\xml\bind\jakarta.xml.bind-api\4.0.0\jakarta.xml.bind-api-4.0.0.jar;C:\Users\KGwandira\.m2\repository\jakarta\activation\jakarta.activation-api\2.1.1\jakarta.activation-api-2.1.1.jar;C:\Users\KGwandira\.m2\repository\org\assertj\assertj-core\3.23.1\assertj-core-3.23.1.jar;C:\Users\KGwandira\.m2\repository\org\hamcrest\hamcrest\2.2\hamcrest-2.2.jar;C:\Users\KGwandira\.m2\repository\org\junit\jupiter\junit-jupiter\5.9.2\junit-jupiter-5.9.2.jar;C:\Users\KGwandira\.m2\repository\org\junit\jupiter\junit-jupiter-api\5.9.2\junit-jupiter-api-5.9.2.jar;C:\Users\KGwandira\.m2\repository\org\opentest4j\opentest4j\1.2.0\opentest4j-1.2.0.jar;C:\Users\KGwandira\.m2\repository\org\junit\platform\junit-platform-commons\1.9.2\junit-platform-commons-1.9.2.jar;C:\Users\KGwandira\.m2\repository\org\apiguardian\apiguardian-api\1.1.2\apiguardian-api-1.1.2.jar;C:\Users\KGwandira\.m2\repository\org\junit\jupiter\junit-jupiter-params\5.9.2\junit-jupiter-params-5.9.2.jar;C:\Users\KGwandira\.m2\repository\org\junit\jupiter\junit-jupiter-engine\5.9.2\junit-jupiter-engine-5.9.2.jar;C:\Users\KGwandira\.m2\repository\org\junit\platform\junit-platform-engine\1.9.2\junit-platform-engine-1.9.2.jar;C:\Users\KGwandira\.m2\repository\org\mockito\mockito-core\4.8.1\mockito-core-4.8.1.jar;C:\Users\KGwandira\.m2\repository\net\bytebuddy\byte-buddy-agent\1.12.23\byte-buddy-agent-1.12.23.jar;C:\Users\KGwandira\.m2\repository\org\objenesis\objenesis\3.2\objenesis-3.2.jar;C:\Users\KGwandira\.m2\repository\org\mockito\mockito-junit-jupiter\4.8.1\mockito-junit-jupiter-4.8.1.jar;C:\Users\KGwandira\.m2\repository\org\skyscreamer\jsonassert\1.5.1\jsonassert-1.5.1.jar;C:\Users\KGwandira\.m2\repository\com\vaadin\external\google\android-json\0.0.20131108.vaadin1\android-json-0.0.20131108.vaadin1.jar;C:\Users\KGwandira\.m2\repository\org\springframework\spring-core\6.0.7\spring-core-6.0.7.jar;C:\Users\KGwandira\.m2\repository\org\springframework\spring-jcl\6.0.7\spring-jcl-6.0.7.jar;C:\Users\KGwandira\.m2\repository\org\springframework\spring-test\6.0.7\spring-test-6.0.7.jar;C:\Users\KGwandira\.m2\repository\org\xmlunit\xmlunit-core\2.9.1\xmlunit-core-2.9.1.jar;C:\Users\KGwandira\.m2\repository\org\springframework\security\spring-security-test\6.0.2\spring-security-test-6.0.2.jar;C:\Users\KGwandira\.m2\repository\org\springframework\security\spring-security-core\6.0.2\spring-security-core-6.0.2.jar;C:\Users\KGwandira\.m2\repository\org\springframework\security\spring-security-crypto\6.0.2\spring-security-crypto-6.0.2.jar;"/>
    <property name="java.vm.vendor" value="Oracle Corporation"/>
    <property name="sun.arch.data.model" value="64"/>
    <property name="user.variant" value=""/>
    <property name="java.vendor.url" value="https://java.oracle.com/"/>
    <property name="user.timezone" value="Africa/Johannesburg"/>
    <property name="os.name" value="Windows 10"/>
    <property name="java.vm.specification.version" value="19"/>
    <property name="sun.java.launcher" value="SUN_STANDARD"/>
    <property name="user.country" value="US"/>
    <property name="sun.boot.library.path" value="C:\Program Files\Java\jdk-19\bin"/>
    <property name="sun.java.command" value="C:\PROGRA~1\KMSpico\temp\surefire17692582784934202688\surefirebooter15001482249904966671.jar C:\Program Files\KMSpico\temp\surefire17692582784934202688 2023-05-22T13-02-31_918-jvmRun1 surefire2677655984255386223tmp surefire_07542111588833324349tmp"/>
    <property name="jdk.debug" value="release"/>
    <property name="surefire.test.class.path" value="C:\Users\KGwandira\Desktop\personal\Spring\spring-boot-3-jwt-security\target\test-classes;C:\Users\KGwandira\Desktop\personal\Spring\spring-boot-3-jwt-security\target\classes;C:\Users\KGwandira\.m2\repository\org\springframework\boot\spring-boot-starter-data-jpa\3.0.5\spring-boot-starter-data-jpa-3.0.5.jar;C:\Users\KGwandira\.m2\repository\org\springframework\boot\spring-boot-starter-aop\3.0.5\spring-boot-starter-aop-3.0.5.jar;C:\Users\KGwandira\.m2\repository\org\aspectj\aspectjweaver\1.9.19\aspectjweaver-1.9.19.jar;C:\Users\KGwandira\.m2\repository\org\springframework\boot\spring-boot-starter-jdbc\3.0.5\spring-boot-starter-jdbc-3.0.5.jar;C:\Users\KGwandira\.m2\repository\com\zaxxer\HikariCP\5.0.1\HikariCP-5.0.1.jar;C:\Users\KGwandira\.m2\repository\org\springframework\spring-jdbc\6.0.7\spring-jdbc-6.0.7.jar;C:\Users\KGwandira\.m2\repository\org\hibernate\orm\hibernate-core\6.1.7.Final\hibernate-core-6.1.7.Final.jar;C:\Users\KGwandira\.m2\repository\jakarta\persistence\jakarta.persistence-api\3.1.0\jakarta.persistence-api-3.1.0.jar;C:\Users\KGwandira\.m2\repository\jakarta\transaction\jakarta.transaction-api\2.0.1\jakarta.transaction-api-2.0.1.jar;C:\Users\KGwandira\.m2\repository\org\jboss\logging\jboss-logging\3.5.0.Final\jboss-logging-3.5.0.Final.jar;C:\Users\KGwandira\.m2\repository\org\hibernate\common\hibernate-commons-annotations\6.0.6.Final\hibernate-commons-annotations-6.0.6.Final.jar;C:\Users\KGwandira\.m2\repository\org\jboss\jandex\2.4.2.Final\jandex-2.4.2.Final.jar;C:\Users\KGwandira\.m2\repository\com\fasterxml\classmate\1.5.1\classmate-1.5.1.jar;C:\Users\KGwandira\.m2\repository\net\bytebuddy\byte-buddy\1.12.23\byte-buddy-1.12.23.jar;C:\Users\KGwandira\.m2\repository\org\glassfish\jaxb\jaxb-runtime\4.0.2\jaxb-runtime-4.0.2.jar;C:\Users\KGwandira\.m2\repository\org\glassfish\jaxb\jaxb-core\4.0.2\jaxb-core-4.0.2.jar;C:\Users\KGwandira\.m2\repository\org\eclipse\angus\angus-activation\2.0.0\angus-activation-2.0.0.jar;C:\Users\KGwandira\.m2\repository\org\glassfish\jaxb\txw2\4.0.2\txw2-4.0.2.jar;C:\Users\KGwandira\.m2\repository\com\sun\istack\istack-commons-runtime\4.1.1\istack-commons-runtime-4.1.1.jar;C:\Users\KGwandira\.m2\repository\jakarta\inject\jakarta.inject-api\2.0.0\jakarta.inject-api-2.0.0.jar;C:\Users\KGwandira\.m2\repository\org\antlr\antlr4-runtime\4.10.1\antlr4-runtime-4.10.1.jar;C:\Users\KGwandira\.m2\repository\org\springframework\data\spring-data-jpa\3.0.4\spring-data-jpa-3.0.4.jar;C:\Users\KGwandira\.m2\repository\org\springframework\data\spring-data-commons\3.0.4\spring-data-commons-3.0.4.jar;C:\Users\KGwandira\.m2\repository\org\springframework\spring-orm\6.0.7\spring-orm-6.0.7.jar;C:\Users\KGwandira\.m2\repository\org\springframework\spring-context\6.0.7\spring-context-6.0.7.jar;C:\Users\KGwandira\.m2\repository\org\springframework\spring-tx\6.0.7\spring-tx-6.0.7.jar;C:\Users\KGwandira\.m2\repository\org\springframework\spring-beans\6.0.7\spring-beans-6.0.7.jar;C:\Users\KGwandira\.m2\repository\jakarta\annotation\jakarta.annotation-api\2.1.1\jakarta.annotation-api-2.1.1.jar;C:\Users\KGwandira\.m2\repository\org\slf4j\slf4j-api\2.0.7\slf4j-api-2.0.7.jar;C:\Users\KGwandira\.m2\repository\org\springframework\spring-aspects\6.0.7\spring-aspects-6.0.7.jar;C:\Users\KGwandira\.m2\repository\org\springframework\boot\spring-boot-starter-security\3.0.5\spring-boot-starter-security-3.0.5.jar;C:\Users\KGwandira\.m2\repository\org\springframework\boot\spring-boot-starter\3.0.5\spring-boot-starter-3.0.5.jar;C:\Users\KGwandira\.m2\repository\org\springframework\boot\spring-boot\3.0.5\spring-boot-3.0.5.jar;C:\Users\KGwandira\.m2\repository\org\springframework\boot\spring-boot-autoconfigure\3.0.5\spring-boot-autoconfigure-3.0.5.jar;C:\Users\KGwandira\.m2\repository\org\springframework\boot\spring-boot-starter-logging\3.0.5\spring-boot-starter-logging-3.0.5.jar;C:\Users\KGwandira\.m2\repository\ch\qos\logback\logback-classic\1.4.6\logback-classic-1.4.6.jar;C:\Users\KGwandira\.m2\repository\ch\qos\logback\logback-core\1.4.6\logback-core-1.4.6.jar;C:\Users\KGwandira\.m2\repository\org\apache\logging\log4j\log4j-to-slf4j\2.19.0\log4j-to-slf4j-2.19.0.jar;C:\Users\KGwandira\.m2\repository\org\apache\logging\log4j\log4j-api\2.19.0\log4j-api-2.19.0.jar;C:\Users\KGwandira\.m2\repository\org\slf4j\jul-to-slf4j\2.0.7\jul-to-slf4j-2.0.7.jar;C:\Users\KGwandira\.m2\repository\org\yaml\snakeyaml\1.33\snakeyaml-1.33.jar;C:\Users\KGwandira\.m2\repository\org\springframework\spring-aop\6.0.7\spring-aop-6.0.7.jar;C:\Users\KGwandira\.m2\repository\org\springframework\security\spring-security-config\6.0.2\spring-security-config-6.0.2.jar;C:\Users\KGwandira\.m2\repository\org\springframework\security\spring-security-web\6.0.2\spring-security-web-6.0.2.jar;C:\Users\KGwandira\.m2\repository\org\springframework\spring-expression\6.0.7\spring-expression-6.0.7.jar;C:\Users\KGwandira\.m2\repository\org\springframework\boot\spring-boot-starter-web\3.0.5\spring-boot-starter-web-3.0.5.jar;C:\Users\KGwandira\.m2\repository\org\springframework\boot\spring-boot-starter-json\3.0.5\spring-boot-starter-json-3.0.5.jar;C:\Users\KGwandira\.m2\repository\com\fasterxml\jackson\datatype\jackson-datatype-jdk8\2.14.2\jackson-datatype-jdk8-2.14.2.jar;C:\Users\KGwandira\.m2\repository\com\fasterxml\jackson\datatype\jackson-datatype-jsr310\2.14.2\jackson-datatype-jsr310-2.14.2.jar;C:\Users\KGwandira\.m2\repository\com\fasterxml\jackson\module\jackson-module-parameter-names\2.14.2\jackson-module-parameter-names-2.14.2.jar;C:\Users\KGwandira\.m2\repository\org\springframework\boot\spring-boot-starter-tomcat\3.0.5\spring-boot-starter-tomcat-3.0.5.jar;C:\Users\KGwandira\.m2\repository\org\apache\tomcat\embed\tomcat-embed-core\10.1.7\tomcat-embed-core-10.1.7.jar;C:\Users\KGwandira\.m2\repository\org\apache\tomcat\embed\tomcat-embed-websocket\10.1.7\tomcat-embed-websocket-10.1.7.jar;C:\Users\KGwandira\.m2\repository\org\springframework\spring-web\6.0.7\spring-web-6.0.7.jar;C:\Users\KGwandira\.m2\repository\io\micrometer\micrometer-observation\1.10.5\micrometer-observation-1.10.5.jar;C:\Users\KGwandira\.m2\repository\io\micrometer\micrometer-commons\1.10.5\micrometer-commons-1.10.5.jar;C:\Users\KGwandira\.m2\repository\org\springframework\spring-webmvc\6.0.7\spring-webmvc-6.0.7.jar;C:\Users\KGwandira\.m2\repository\org\postgresql\postgresql\42.5.4\postgresql-42.5.4.jar;C:\Users\KGwandira\.m2\repository\org\checkerframework\checker-qual\3.5.0\checker-qual-3.5.0.jar;C:\Users\KGwandira\.m2\repository\org\projectlombok\lombok\1.18.26\lombok-1.18.26.jar;C:\Users\KGwandira\.m2\repository\io\jsonwebtoken\jjwt-api\0.11.5\jjwt-api-0.11.5.jar;C:\Users\KGwandira\.m2\repository\io\jsonwebtoken\jjwt-impl\0.11.5\jjwt-impl-0.11.5.jar;C:\Users\KGwandira\.m2\repository\io\jsonwebtoken\jjwt-jackson\0.11.5\jjwt-jackson-0.11.5.jar;C:\Users\KGwandira\.m2\repository\com\fasterxml\jackson\core\jackson-databind\2.14.2\jackson-databind-2.14.2.jar;C:\Users\KGwandira\.m2\repository\com\fasterxml\jackson\core\jackson-annotations\2.14.2\jackson-annotations-2.14.2.jar;C:\Users\KGwandira\.m2\repository\com\fasterxml\jackson\core\jackson-core\2.14.2\jackson-core-2.14.2.jar;C:\Users\KGwandira\.m2\repository\org\springdoc\springdoc-openapi-starter-webmvc-ui\2.1.0\springdoc-openapi-starter-webmvc-ui-2.1.0.jar;C:\Users\KGwandira\.m2\repository\org\springdoc\springdoc-openapi-starter-webmvc-api\2.1.0\springdoc-openapi-starter-webmvc-api-2.1.0.jar;C:\Users\KGwandira\.m2\repository\org\springdoc\springdoc-openapi-starter-common\2.1.0\springdoc-openapi-starter-common-2.1.0.jar;C:\Users\KGwandira\.m2\repository\io\swagger\core\v3\swagger-core-jakarta\2.2.9\swagger-core-jakarta-2.2.9.jar;C:\Users\KGwandira\.m2\repository\org\apache\commons\commons-lang3\3.12.0\commons-lang3-3.12.0.jar;C:\Users\KGwandira\.m2\repository\io\swagger\core\v3\swagger-annotations-jakarta\2.2.9\swagger-annotations-jakarta-2.2.9.jar;C:\Users\KGwandira\.m2\repository\io\swagger\core\v3\swagger-models-jakarta\2.2.9\swagger-models-jakarta-2.2.9.jar;C:\Users\KGwandira\.m2\repository\com\fasterxml\jackson\dataformat\jackson-dataformat-yaml\2.14.2\jackson-dataformat-yaml-2.14.2.jar;C:\Users\KGwandira\.m2\repository\org\webjars\swagger-ui\4.18.2\swagger-ui-4.18.2.jar;C:\Users\KGwandira\.m2\repository\org\springframework\boot\spring-boot-starter-validation\3.0.5\spring-boot-starter-validation-3.0.5.jar;C:\Users\KGwandira\.m2\repository\org\apache\tomcat\embed\tomcat-embed-el\10.1.7\tomcat-embed-el-10.1.7.jar;C:\Users\KGwandira\.m2\repository\org\hibernate\validator\hibernate-validator\8.0.0.Final\hibernate-validator-8.0.0.Final.jar;C:\Users\KGwandira\.m2\repository\jakarta\validation\jakarta.validation-api\3.0.2\jakarta.validation-api-3.0.2.jar;C:\Users\KGwandira\.m2\repository\org\springframework\boot\spring-boot-starter-test\3.0.5\spring-boot-starter-test-3.0.5.jar;C:\Users\KGwandira\.m2\repository\org\springframework\boot\spring-boot-test\3.0.5\spring-boot-test-3.0.5.jar;C:\Users\KGwandira\.m2\repository\org\springframework\boot\spring-boot-test-autoconfigure\3.0.5\spring-boot-test-autoconfigure-3.0.5.jar;C:\Users\KGwandira\.m2\repository\com\jayway\jsonpath\json-path\2.7.0\json-path-2.7.0.jar;C:\Users\KGwandira\.m2\repository\net\minidev\json-smart\2.4.10\json-smart-2.4.10.jar;C:\Users\KGwandira\.m2\repository\net\minidev\accessors-smart\2.4.9\accessors-smart-2.4.9.jar;C:\Users\KGwandira\.m2\repository\org\ow2\asm\asm\9.3\asm-9.3.jar;C:\Users\KGwandira\.m2\repository\jakarta\xml\bind\jakarta.xml.bind-api\4.0.0\jakarta.xml.bind-api-4.0.0.jar;C:\Users\KGwandira\.m2\repository\jakarta\activation\jakarta.activation-api\2.1.1\jakarta.activation-api-2.1.1.jar;C:\Users\KGwandira\.m2\repository\org\assertj\assertj-core\3.23.1\assertj-core-3.23.1.jar;C:\Users\KGwandira\.m2\repository\org\hamcrest\hamcrest\2.2\hamcrest-2.2.jar;C:\Users\KGwandira\.m2\repository\org\junit\jupiter\junit-jupiter\5.9.2\junit-jupiter-5.9.2.jar;C:\Users\KGwandira\.m2\repository\org\junit\jupiter\junit-jupiter-api\5.9.2\junit-jupiter-api-5.9.2.jar;C:\Users\KGwandira\.m2\repository\org\opentest4j\opentest4j\1.2.0\opentest4j-1.2.0.jar;C:\Users\KGwandira\.m2\repository\org\junit\platform\junit-platform-commons\1.9.2\junit-platform-commons-1.9.2.jar;C:\Users\KGwandira\.m2\repository\org\apiguardian\apiguardian-api\1.1.2\apiguardian-api-1.1.2.jar;C:\Users\KGwandira\.m2\repository\org\junit\jupiter\junit-jupiter-params\5.9.2\junit-jupiter-params-5.9.2.jar;C:\Users\KGwandira\.m2\repository\org\junit\jupiter\junit-jupiter-engine\5.9.2\junit-jupiter-engine-5.9.2.jar;C:\Users\KGwandira\.m2\repository\org\junit\platform\junit-platform-engine\1.9.2\junit-platform-engine-1.9.2.jar;C:\Users\KGwandira\.m2\repository\org\mockito\mockito-core\4.8.1\mockito-core-4.8.1.jar;C:\Users\KGwandira\.m2\repository\net\bytebuddy\byte-buddy-agent\1.12.23\byte-buddy-agent-1.12.23.jar;C:\Users\KGwandira\.m2\repository\org\objenesis\objenesis\3.2\objenesis-3.2.jar;C:\Users\KGwandira\.m2\repository\org\mockito\mockito-junit-jupiter\4.8.1\mockito-junit-jupiter-4.8.1.jar;C:\Users\KGwandira\.m2\repository\org\skyscreamer\jsonassert\1.5.1\jsonassert-1.5.1.jar;C:\Users\KGwandira\.m2\repository\com\vaadin\external\google\android-json\0.0.20131108.vaadin1\android-json-0.0.20131108.vaadin1.jar;C:\Users\KGwandira\.m2\repository\org\springframework\spring-core\6.0.7\spring-core-6.0.7.jar;C:\Users\KGwandira\.m2\repository\org\springframework\spring-jcl\6.0.7\spring-jcl-6.0.7.jar;C:\Users\KGwandira\.m2\repository\org\springframework\spring-test\6.0.7\spring-test-6.0.7.jar;C:\Users\KGwandira\.m2\repository\org\xmlunit\xmlunit-core\2.9.1\xmlunit-core-2.9.1.jar;C:\Users\KGwandira\.m2\repository\org\springframework\security\spring-security-test\6.0.2\spring-security-test-6.0.2.jar;C:\Users\KGwandira\.m2\repository\org\springframework\security\spring-security-core\6.0.2\spring-security-core-6.0.2.jar;C:\Users\KGwandira\.m2\repository\org\springframework\security\spring-security-crypto\6.0.2\spring-security-crypto-6.0.2.jar;"/>
    <property name="sun.cpu.endian" value="little"/>
    <property name="user.home" value="C:\Users\KGwandira"/>
    <property name="user.language" value="en"/>
    <property name="java.specification.vendor" value="Oracle Corporation"/>
    <property name="java.version.date" value="2023-01-17"/>
    <property name="java.home" value="C:\Program Files\Java\jdk-19"/>
    <property name="file.separator" value="\"/>
    <property name="basedir" value="C:\Users\KGwandira\Desktop\personal\Spring\spring-boot-3-jwt-security"/>
    <property name="java.vm.compressedOopsMode" value="Zero based"/>
    <property name="line.separator" value="&#10;"/>
    <property name="java.vm.specification.vendor" value="Oracle Corporation"/>
    <property name="java.specification.name" value="Java Platform API Specification"/>
    <property name="surefire.real.class.path" value="C:\PROGRA~1\KMSpico\temp\surefire17692582784934202688\surefirebooter15001482249904966671.jar"/>
    <property name="user.script" value=""/>
    <property name="sun.management.compiler" value="HotSpot 64-Bit Tiered Compilers"/>
    <property name="java.runtime.version" value="19.0.2+7-44"/>
    <property name="user.name" value="KGwandira"/>
    <property name="stdout.encoding" value="Cp1252"/>
    <property name="path.separator" value=";"/>
    <property name="os.version" value="10.0"/>
    <property name="java.runtime.name" value="Java(TM) SE Runtime Environment"/>
    <property name="file.encoding" value="UTF-8"/>
    <property name="java.vm.name" value="Java HotSpot(TM) 64-Bit Server VM"/>
    <property name="localRepository" value="C:\Users\KGwandira\.m2\repository"/>
    <property name="java.vendor.url.bug" value="https://bugreport.java.com/bugreport/"/>
    <property name="java.io.tmpdir" value="C:\PROGRA~1\KMSpico\temp\"/>
    <property name="idea.version" value="2023.1.2"/>
    <property name="java.version" value="19.0.2"/>
    <property name="user.dir" value="C:\Users\KGwandira\Desktop\personal\Spring\spring-boot-3-jwt-security"/>
    <property name="os.arch" value="amd64"/>
    <property name="java.vm.specification.name" value="Java Virtual Machine Specification"/>
    <property name="sun.os.patch.level" value=""/>
    <property name="native.encoding" value="Cp1252"/>
    <property name="java.library.path" value="C:\Program Files\Java\jdk-19\bin;C:\Windows\Sun\Java\bin;C:\Windows\system32;C:\Windows;C:\Program Files\Common Files\Oracle\Java\javapath;C:\Windows\system32;C:\Windows;C:\Windows\System32\Wbem;C:\Windows\System32\WindowsPowerShell\v1.0\;C:\Windows\System32\OpenSSH\;C:\Program Files (x86)\Microsoft SQL Server\160\Tools\Binn\;C:\Program Files\Microsoft SQL Server\160\Tools\Binn\;C:\Program Files\Microsoft SQL Server\Client SDK\ODBC\170\Tools\Binn\;C:\Program Files\Microsoft SQL Server\160\DTS\Binn\;C:\Program Files\Java\jdk-19\bin;C:\ProgramData\chocolatey\bin;C:\Program Files\nodejs\;C:\xampp\php;C:\ProgramData\ComposerSetup\bin;C:\Program Files\PostgreSQL\15\bin;C:\Program Files\Git\cmd;C:\Program Files\PuTTY\;&quot;C:\Users\KGwandira\AppData\Local\Microsoft\WindowsApps;C:\Users\KGwandira\Downloads\flutter_windows_3.7.3-stable\flutter\bin&quot;;C:\Users\KGwandira\Downloads\flutter_windows_3.7.3-stable\flutter\bin;C:\Users\KGwandira\AppData\Local\Programs\Microsoft VS Code\bin;C:\Users\KGwandira\AppData\Roaming\npm;C:\Users\KGwandira\AppData\Roaming\Composer\vendor\bin;C:\xampp\mysql\bin;C:\Users\KGwandira\AppData\Local\JetBrains\Toolbox\scripts;;."/>
    <property name="java.vm.info" value="mixed mode, sharing"/>
    <property name="stderr.encoding" value="Cp1252"/>
    <property name="java.vendor" value="Oracle Corporation"/>
    <property name="java.vm.version" value="19.0.2+7-44"/>
    <property name="sun.io.unicode.encoding" value="UnicodeLittle"/>
    <property name="java.class.version" value="63.0"/>
  </properties>
  <testcase name="contextLoads" classname="com.alibou.security.SecurityApplicationTests" time="0.013">
    <error message="Failed to load ApplicationContext for [WebMergedContextConfiguration@3516f436 testClass = com.alibou.security.SecurityApplicationTests, locations = [], classes = [com.alibou.security.SecurityApplication], contextInitializerClasses = [], activeProfiles = [], propertySourceLocations = [], propertySourceProperties = [&quot;org.springframework.boot.test.context.SpringBootTestContextBootstrapper=true&quot;], contextCustomizers = [org.springframework.boot.test.context.filter.ExcludeFilterContextCustomizer@4d5650ae, org.springframework.boot.test.json.DuplicateJsonObjectContextCustomizerFactory$DuplicateJsonObjectContextCustomizer@6221a451, org.springframework.boot.test.mock.mockito.MockitoContextCustomizer@0, org.springframework.boot.test.web.client.TestRestTemplateContextCustomizer@60099951, org.springframework.boot.test.autoconfigure.actuate.observability.ObservabilityContextCustomizerFactory$DisableObservabilityContextCustomizer@9da1, org.springframework.boot.test.autoconfigure.properties.PropertyMappingContextCustomizer@0, org.springframework.boot.test.autoconfigure.web.servlet.WebDriverContextCustomizerFactory$Customizer@8f2ef19, org.springframework.boot.test.context.SpringBootTestAnnotation@778033c3], resourceBasePath = &quot;src/main/webapp&quot;, contextLoader = org.springframework.boot.test.context.SpringBootContextLoader, parent = null]" type="java.lang.IllegalStateException">java.lang.IllegalStateException: Failed to load ApplicationContext for [WebMergedContextConfiguration@3516f436 testClass = com.alibou.security.SecurityApplicationTests, locations = [], classes = [com.alibou.security.SecurityApplication], contextInitializerClasses = [], activeProfiles = [], propertySourceLocations = [], propertySourceProperties = ["org.springframework.boot.test.context.SpringBootTestContextBootstrapper=true"], contextCustomizers = [org.springframework.boot.test.context.filter.ExcludeFilterContextCustomizer@4d5650ae, org.springframework.boot.test.json.DuplicateJsonObjectContextCustomizerFactory$DuplicateJsonObjectContextCustomizer@6221a451, org.springframework.boot.test.mock.mockito.MockitoContextCustomizer@0, org.springframework.boot.test.web.client.TestRestTemplateContextCustomizer@60099951, org.springframework.boot.test.autoconfigure.actuate.observability.ObservabilityContextCustomizerFactory$DisableObservabilityContextCustomizer@9da1, org.springframework.boot.test.autoconfigure.properties.PropertyMappingContextCustomizer@0, org.springframework.boot.test.autoconfigure.web.servlet.WebDriverContextCustomizerFactory$Customizer@8f2ef19, org.springframework.boot.test.context.SpringBootTestAnnotation@778033c3], resourceBasePath = "src/main/webapp", contextLoader = org.springframework.boot.test.context.SpringBootContextLoader, parent = null]
Caused by: org.springframework.beans.factory.UnsatisfiedDependencyException: Error creating bean with name 'authenticationController' defined in file [C:\Users\KGwandira\Desktop\personal\Spring\spring-boot-3-jwt-security\target\classes\com\alibou\security\auth\AuthenticationController.class]: Unsatisfied dependency expressed through constructor parameter 0: Error creating bean with name 'authenticationService' defined in file [C:\Users\KGwandira\Desktop\personal\Spring\spring-boot-3-jwt-security\target\classes\com\alibou\security\auth\AuthenticationService.class]: Unsatisfied dependency expressed through constructor parameter 0: Error creating bean with name 'userRepository' defined in com.alibou.security.user.UserRepository defined in @EnableJpaRepositories declared on JpaRepositoriesRegistrar.EnableJpaRepositoriesConfiguration: Could not create query for public abstract boolean com.alibou.security.user.UserRepository.existsByUsername(java.lang.String); Reason: Failed to create query for method public abstract boolean com.alibou.security.user.UserRepository.existsByUsername(java.lang.String); Unable to locate Attribute with the given name [username] on this ManagedType [com.alibou.security.user.User]
Caused by: org.springframework.beans.factory.UnsatisfiedDependencyException: Error creating bean with name 'authenticationService' defined in file [C:\Users\KGwandira\Desktop\personal\Spring\spring-boot-3-jwt-security\target\classes\com\alibou\security\auth\AuthenticationService.class]: Unsatisfied dependency expressed through constructor parameter 0: Error creating bean with name 'userRepository' defined in com.alibou.security.user.UserRepository defined in @EnableJpaRepositories declared on JpaRepositoriesRegistrar.EnableJpaRepositoriesConfiguration: Could not create query for public abstract boolean com.alibou.security.user.UserRepository.existsByUsername(java.lang.String); Reason: Failed to create query for method public abstract boolean com.alibou.security.user.UserRepository.existsByUsername(java.lang.String); Unable to locate Attribute with the given name [username] on this ManagedType [com.alibou.security.user.User]
Caused by: org.springframework.beans.factory.BeanCreationException: Error creating bean with name 'userRepository' defined in com.alibou.security.user.UserRepository defined in @EnableJpaRepositories declared on JpaRepositoriesRegistrar.EnableJpaRepositoriesConfiguration: Could not create query for public abstract boolean com.alibou.security.user.UserRepository.existsByUsername(java.lang.String); Reason: Failed to create query for method public abstract boolean com.alibou.security.user.UserRepository.existsByUsername(java.lang.String); Unable to locate Attribute with the given name [username] on this ManagedType [com.alibou.security.user.User]
Caused by: org.springframework.data.repository.query.QueryCreationException: Could not create query for public abstract boolean com.alibou.security.user.UserRepository.existsByUsername(java.lang.String); Reason: Failed to create query for method public abstract boolean com.alibou.security.user.UserRepository.existsByUsername(java.lang.String); Unable to locate Attribute with the given name [username] on this ManagedType [com.alibou.security.user.User]
Caused by: java.lang.IllegalArgumentException: Failed to create query for method public abstract boolean com.alibou.security.user.UserRepository.existsByUsername(java.lang.String); Unable to locate Attribute with the given name [username] on this ManagedType [com.alibou.security.user.User]
Caused by: java.lang.IllegalArgumentException: Unable to locate Attribute with the given name [username] on this ManagedType [com.alibou.security.user.User]
</error>
    <system-out><![CDATA[13:02:33.208 [main] DEBUG org.springframework.boot.test.context.SpringBootTestContextBootstrapper -- Neither @ContextConfiguration nor @ContextHierarchy found for test class [SecurityApplicationTests]: using SpringBootContextLoader
13:02:33.213 [main] DEBUG org.springframework.test.context.support.AbstractContextLoader -- Could not detect default resource locations for test class [com.alibou.security.SecurityApplicationTests]: no resource found for suffixes {-context.xml, Context.groovy}.
13:02:33.213 [main] INFO org.springframework.test.context.support.AnnotationConfigContextLoaderUtils -- Could not detect default configuration classes for test class [com.alibou.security.SecurityApplicationTests]: SecurityApplicationTests does not declare any static, non-private, non-final, nested classes annotated with @Configuration.
13:02:33.247 [main] DEBUG org.springframework.boot.test.context.SpringBootTestContextBootstrapper -- Using ContextCustomizers for test class [SecurityApplicationTests]: [ExcludeFilterContextCustomizer, DuplicateJsonObjectContextCustomizer, MockitoContextCustomizer, TestRestTemplateContextCustomizer, DisableObservabilityContextCustomizer, PropertyMappingContextCustomizer, Customizer]
13:02:33.337 [main] DEBUG org.springframework.context.annotation.ClassPathScanningCandidateComponentProvider -- Identified candidate component class: file [C:\Users\KGwandira\Desktop\personal\Spring\spring-boot-3-jwt-security\target\classes\com\alibou\security\SecurityApplication.class]
13:02:33.339 [main] INFO org.springframework.boot.test.context.SpringBootTestContextBootstrapper -- Found @SpringBootConfiguration com.alibou.security.SecurityApplication for test class com.alibou.security.SecurityApplicationTests
13:02:33.486 [main] DEBUG org.springframework.boot.test.context.SpringBootTestContextBootstrapper -- Using TestExecutionListeners for test class [SecurityApplicationTests]: [ServletTestExecutionListener, DirtiesContextBeforeModesTestExecutionListener, ApplicationEventsTestExecutionListener, MockitoTestExecutionListener, DependencyInjectionTestExecutionListener, DirtiesContextTestExecutionListener, TransactionalTestExecutionListener, SqlScriptsTestExecutionListener, EventPublishingTestExecutionListener, WithSecurityContextTestExecutionListener, ReactorContextTestExecutionListener, ResetMocksTestExecutionListener, RestDocsTestExecutionListener, MockRestServiceServerResetTestExecutionListener, MockMvcPrintOnlyOnFailureTestExecutionListener, WebDriverTestExecutionListener, MockWebServiceServerTestExecutionListener]
13:02:33.488 [main] DEBUG org.springframework.test.context.support.AbstractDirtiesContextTestExecutionListener -- Before test class: class [SecurityApplicationTests], class annotated with @DirtiesContext [false] with mode [null]

  .   ____          _            __ _ _
 /\\ / ___'_ __ _ _(_)_ __  __ _ \ \ \ \
( ( )\___ | '_ | '_| | '_ \/ _` | \ \ \ \
 \\/  ___)| |_)| | | | | || (_| |  ) ) ) )
  '  |____| .__|_| |_|_| |_\__, | / / / /
 =========|_|==============|___/=/_/_/_/
 :: Spring Boot ::                (v3.0.5)

2023-05-22T13:02:33.934+02:00  INFO 21088 --- [           main] c.a.security.SecurityApplicationTests    : Starting SecurityApplicationTests using Java 19.0.2 with PID 21088 (started by KGwandira in C:\Users\KGwandira\Desktop\personal\Spring\spring-boot-3-jwt-security)
2023-05-22T13:02:33.935+02:00  INFO 21088 --- [           main] c.a.security.SecurityApplicationTests    : No active profile set, falling back to 1 default profile: "default"
2023-05-22T13:02:35.064+02:00  INFO 21088 --- [           main] .s.d.r.c.RepositoryConfigurationDelegate : Bootstrapping Spring Data JPA repositories in DEFAULT mode.
2023-05-22T13:02:35.127+02:00  INFO 21088 --- [           main] .s.d.r.c.RepositoryConfigurationDelegate : Finished Spring Data repository scanning in 54 ms. Found 1 JPA repository interfaces.
2023-05-22T13:02:35.837+02:00  INFO 21088 --- [           main] o.hibernate.jpa.internal.util.LogHelper  : HHH000204: Processing PersistenceUnitInfo [name: default]
2023-05-22T13:02:35.926+02:00  INFO 21088 --- [           main] org.hibernate.Version                    : HHH000412: Hibernate ORM core version 6.1.7.Final
2023-05-22T13:02:36.353+02:00  INFO 21088 --- [           main] com.zaxxer.hikari.HikariDataSource       : HikariPool-1 - Starting...
2023-05-22T13:02:36.676+02:00  INFO 21088 --- [           main] com.zaxxer.hikari.pool.HikariPool        : HikariPool-1 - Added connection org.postgresql.jdbc.PgConnection@589dfa6f
2023-05-22T13:02:36.678+02:00  INFO 21088 --- [           main] com.zaxxer.hikari.HikariDataSource       : HikariPool-1 - Start completed.
2023-05-22T13:02:36.727+02:00  INFO 21088 --- [           main] SQL dialect                              : HHH000400: Using dialect: org.hibernate.dialect.PostgreSQLDialect
2023-05-22T13:02:37.718+02:00  INFO 21088 --- [           main] o.h.e.t.j.p.i.JtaPlatformInitiator       : HHH000490: Using JtaPlatform implementation: [org.hibernate.engine.transaction.jta.platform.internal.NoJtaPlatform]
2023-05-22T13:02:37.727+02:00  INFO 21088 --- [           main] j.LocalContainerEntityManagerFactoryBean : Initialized JPA EntityManagerFactory for persistence unit 'default'
2023-05-22T13:02:38.179+02:00  WARN 21088 --- [           main] o.s.w.c.s.GenericWebApplicationContext   : Exception encountered during context initialization - cancelling refresh attempt: org.springframework.beans.factory.UnsatisfiedDependencyException: Error creating bean with name 'authenticationController' defined in file [C:\Users\KGwandira\Desktop\personal\Spring\spring-boot-3-jwt-security\target\classes\com\alibou\security\auth\AuthenticationController.class]: Unsatisfied dependency expressed through constructor parameter 0: Error creating bean with name 'authenticationService' defined in file [C:\Users\KGwandira\Desktop\personal\Spring\spring-boot-3-jwt-security\target\classes\com\alibou\security\auth\AuthenticationService.class]: Unsatisfied dependency expressed through constructor parameter 0: Error creating bean with name 'userRepository' defined in com.alibou.security.user.UserRepository defined in @EnableJpaRepositories declared on JpaRepositoriesRegistrar.EnableJpaRepositoriesConfiguration: Could not create query for public abstract boolean com.alibou.security.user.UserRepository.existsByUsername(java.lang.String); Reason: Failed to create query for method public abstract boolean com.alibou.security.user.UserRepository.existsByUsername(java.lang.String); Unable to locate Attribute with the given name [username] on this ManagedType [com.alibou.security.user.User]
2023-05-22T13:02:38.179+02:00  INFO 21088 --- [           main] j.LocalContainerEntityManagerFactoryBean : Closing JPA EntityManagerFactory for persistence unit 'default'
2023-05-22T13:02:38.181+02:00  INFO 21088 --- [           main] com.zaxxer.hikari.HikariDataSource       : HikariPool-1 - Shutdown initiated...
2023-05-22T13:02:38.185+02:00  INFO 21088 --- [           main] com.zaxxer.hikari.HikariDataSource       : HikariPool-1 - Shutdown completed.
2023-05-22T13:02:38.204+02:00  INFO 21088 --- [           main] .s.b.a.l.ConditionEvaluationReportLogger : 

Error starting ApplicationContext. To display the condition evaluation report re-run your application with 'debug' enabled.
2023-05-22T13:02:38.231+02:00 ERROR 21088 --- [           main] o.s.boot.SpringApplication               : Application run failed

org.springframework.beans.factory.UnsatisfiedDependencyException: Error creating bean with name 'authenticationController' defined in file [C:\Users\KGwandira\Desktop\personal\Spring\spring-boot-3-jwt-security\target\classes\com\alibou\security\auth\AuthenticationController.class]: Unsatisfied dependency expressed through constructor parameter 0: Error creating bean with name 'authenticationService' defined in file [C:\Users\KGwandira\Desktop\personal\Spring\spring-boot-3-jwt-security\target\classes\com\alibou\security\auth\AuthenticationService.class]: Unsatisfied dependency expressed through constructor parameter 0: Error creating bean with name 'userRepository' defined in com.alibou.security.user.UserRepository defined in @EnableJpaRepositories declared on JpaRepositoriesRegistrar.EnableJpaRepositoriesConfiguration: Could not create query for public abstract boolean com.alibou.security.user.UserRepository.existsByUsername(java.lang.String); Reason: Failed to create query for method public abstract boolean com.alibou.security.user.UserRepository.existsByUsername(java.lang.String); Unable to locate Attribute with the given name [username] on this ManagedType [com.alibou.security.user.User]
	at org.springframework.beans.factory.support.ConstructorResolver.createArgumentArray(ConstructorResolver.java:798) ~[spring-beans-6.0.7.jar:6.0.7]
	at org.springframework.beans.factory.support.ConstructorResolver.autowireConstructor(ConstructorResolver.java:245) ~[spring-beans-6.0.7.jar:6.0.7]
	at org.springframework.beans.factory.support.AbstractAutowireCapableBeanFactory.autowireConstructor(AbstractAutowireCapableBeanFactory.java:1352) ~[spring-beans-6.0.7.jar:6.0.7]
	at org.springframework.beans.factory.support.AbstractAutowireCapableBeanFactory.createBeanInstance(AbstractAutowireCapableBeanFactory.java:1189) ~[spring-beans-6.0.7.jar:6.0.7]
	at org.springframework.beans.factory.support.AbstractAutowireCapableBeanFactory.doCreateBean(AbstractAutowireCapableBeanFactory.java:560) ~[spring-beans-6.0.7.jar:6.0.7]
	at org.springframework.beans.factory.support.AbstractAutowireCapableBeanFactory.createBean(AbstractAutowireCapableBeanFactory.java:520) ~[spring-beans-6.0.7.jar:6.0.7]
	at org.springframework.beans.factory.support.AbstractBeanFactory.lambda$doGetBean$0(AbstractBeanFactory.java:326) ~[spring-beans-6.0.7.jar:6.0.7]
	at org.springframework.beans.factory.support.DefaultSingletonBeanRegistry.getSingleton(DefaultSingletonBeanRegistry.java:234) ~[spring-beans-6.0.7.jar:6.0.7]
	at org.springframework.beans.factory.support.AbstractBeanFactory.doGetBean(AbstractBeanFactory.java:324) ~[spring-beans-6.0.7.jar:6.0.7]
	at org.springframework.beans.factory.support.AbstractBeanFactory.getBean(AbstractBeanFactory.java:200) ~[spring-beans-6.0.7.jar:6.0.7]
	at org.springframework.beans.factory.support.DefaultListableBeanFactory.preInstantiateSingletons(DefaultListableBeanFactory.java:973) ~[spring-beans-6.0.7.jar:6.0.7]
	at org.springframework.context.support.AbstractApplicationContext.finishBeanFactoryInitialization(AbstractApplicationContext.java:917) ~[spring-context-6.0.7.jar:6.0.7]
	at org.springframework.context.support.AbstractApplicationContext.refresh(AbstractApplicationContext.java:584) ~[spring-context-6.0.7.jar:6.0.7]
	at org.springframework.boot.SpringApplication.refresh(SpringApplication.java:732) ~[spring-boot-3.0.5.jar:3.0.5]
	at org.springframework.boot.SpringApplication.refreshContext(SpringApplication.java:434) ~[spring-boot-3.0.5.jar:3.0.5]
	at org.springframework.boot.SpringApplication.run(SpringApplication.java:310) ~[spring-boot-3.0.5.jar:3.0.5]
	at org.springframework.boot.test.context.SpringBootContextLoader.lambda$loadContext$3(SpringBootContextLoader.java:137) ~[spring-boot-test-3.0.5.jar:3.0.5]
	at org.springframework.util.function.ThrowingSupplier.get(ThrowingSupplier.java:58) ~[spring-core-6.0.7.jar:6.0.7]
	at org.springframework.util.function.ThrowingSupplier.get(ThrowingSupplier.java:46) ~[spring-core-6.0.7.jar:6.0.7]
	at org.springframework.boot.SpringApplication.withHook(SpringApplication.java:1388) ~[spring-boot-3.0.5.jar:3.0.5]
	at org.springframework.boot.test.context.SpringBootContextLoader$ContextLoaderHook.run(SpringBootContextLoader.java:545) ~[spring-boot-test-3.0.5.jar:3.0.5]
	at org.springframework.boot.test.context.SpringBootContextLoader.loadContext(SpringBootContextLoader.java:137) ~[spring-boot-test-3.0.5.jar:3.0.5]
	at org.springframework.boot.test.context.SpringBootContextLoader.loadContext(SpringBootContextLoader.java:108) ~[spring-boot-test-3.0.5.jar:3.0.5]
	at org.springframework.test.context.cache.DefaultCacheAwareContextLoaderDelegate.loadContextInternal(DefaultCacheAwareContextLoaderDelegate.java:184) ~[spring-test-6.0.7.jar:6.0.7]
	at org.springframework.test.context.cache.DefaultCacheAwareContextLoaderDelegate.loadContext(DefaultCacheAwareContextLoaderDelegate.java:118) ~[spring-test-6.0.7.jar:6.0.7]
	at org.springframework.test.context.support.DefaultTestContext.getApplicationContext(DefaultTestContext.java:127) ~[spring-test-6.0.7.jar:6.0.7]
	at org.springframework.test.context.web.ServletTestExecutionListener.setUpRequestContextIfNecessary(ServletTestExecutionListener.java:191) ~[spring-test-6.0.7.jar:6.0.7]
	at org.springframework.test.context.web.ServletTestExecutionListener.prepareTestInstance(ServletTestExecutionListener.java:130) ~[spring-test-6.0.7.jar:6.0.7]
	at org.springframework.test.context.TestContextManager.prepareTestInstance(TestContextManager.java:241) ~[spring-test-6.0.7.jar:6.0.7]
	at org.springframework.test.context.junit.jupiter.SpringExtension.postProcessTestInstance(SpringExtension.java:138) ~[spring-test-6.0.7.jar:6.0.7]
	at org.junit.jupiter.engine.descriptor.ClassBasedTestDescriptor.lambda$invokeTestInstancePostProcessors$10(ClassBasedTestDescriptor.java:377) ~[junit-jupiter-engine-5.9.2.jar:5.9.2]
	at org.junit.jupiter.engine.descriptor.ClassBasedTestDescriptor.executeAndMaskThrowable(ClassBasedTestDescriptor.java:382) ~[junit-jupiter-engine-5.9.2.jar:5.9.2]
	at org.junit.jupiter.engine.descriptor.ClassBasedTestDescriptor.lambda$invokeTestInstancePostProcessors$11(ClassBasedTestDescriptor.java:377) ~[junit-jupiter-engine-5.9.2.jar:5.9.2]
	at java.base/java.util.stream.ReferencePipeline$3$1.accept(ReferencePipeline.java:197) ~[na:na]
	at java.base/java.util.stream.ReferencePipeline$2$1.accept(ReferencePipeline.java:179) ~[na:na]
	at java.base/java.util.ArrayList$ArrayListSpliterator.forEachRemaining(ArrayList.java:1625) ~[na:na]
	at java.base/java.util.stream.AbstractPipeline.copyInto(AbstractPipeline.java:509) ~[na:na]
	at java.base/java.util.stream.AbstractPipeline.wrapAndCopyInto(AbstractPipeline.java:499) ~[na:na]
	at java.base/java.util.stream.StreamSpliterators$WrappingSpliterator.forEachRemaining(StreamSpliterators.java:310) ~[na:na]
	at java.base/java.util.stream.Streams$ConcatSpliterator.forEachRemaining(Streams.java:735) ~[na:na]
	at java.base/java.util.stream.Streams$ConcatSpliterator.forEachRemaining(Streams.java:734) ~[na:na]
	at java.base/java.util.stream.ReferencePipeline$Head.forEach(ReferencePipeline.java:762) ~[na:na]
	at org.junit.jupiter.engine.descriptor.ClassBasedTestDescriptor.invokeTestInstancePostProcessors(ClassBasedTestDescriptor.java:376) ~[junit-jupiter-engine-5.9.2.jar:5.9.2]
	at org.junit.jupiter.engine.descriptor.ClassBasedTestDescriptor.lambda$instantiateAndPostProcessTestInstance$6(ClassBasedTestDescriptor.java:289) ~[junit-jupiter-engine-5.9.2.jar:5.9.2]
	at org.junit.platform.engine.support.hierarchical.ThrowableCollector.execute(ThrowableCollector.java:73) ~[junit-platform-engine-1.9.2.jar:1.9.2]
	at org.junit.jupiter.engine.descriptor.ClassBasedTestDescriptor.instantiateAndPostProcessTestInstance(ClassBasedTestDescriptor.java:288) ~[junit-jupiter-engine-5.9.2.jar:5.9.2]
	at org.junit.jupiter.engine.descriptor.ClassBasedTestDescriptor.lambda$testInstancesProvider$4(ClassBasedTestDescriptor.java:278) ~[junit-jupiter-engine-5.9.2.jar:5.9.2]
	at java.base/java.util.Optional.orElseGet(Optional.java:364) ~[na:na]
	at org.junit.jupiter.engine.descriptor.ClassBasedTestDescriptor.lambda$testInstancesProvider$5(ClassBasedTestDescriptor.java:277) ~[junit-jupiter-engine-5.9.2.jar:5.9.2]
	at org.junit.jupiter.engine.execution.TestInstancesProvider.getTestInstances(TestInstancesProvider.java:31) ~[junit-jupiter-engine-5.9.2.jar:5.9.2]
	at org.junit.jupiter.engine.descriptor.TestMethodTestDescriptor.lambda$prepare$0(TestMethodTestDescriptor.java:105) ~[junit-jupiter-engine-5.9.2.jar:5.9.2]
	at org.junit.platform.engine.support.hierarchical.ThrowableCollector.execute(ThrowableCollector.java:73) ~[junit-platform-engine-1.9.2.jar:1.9.2]
	at org.junit.jupiter.engine.descriptor.TestMethodTestDescriptor.prepare(TestMethodTestDescriptor.java:104) ~[junit-jupiter-engine-5.9.2.jar:5.9.2]
	at org.junit.jupiter.engine.descriptor.TestMethodTestDescriptor.prepare(TestMethodTestDescriptor.java:68) ~[junit-jupiter-engine-5.9.2.jar:5.9.2]
	at org.junit.platform.engine.support.hierarchical.NodeTestTask.lambda$prepare$2(NodeTestTask.java:123) ~[junit-platform-engine-1.9.2.jar:1.9.2]
	at org.junit.platform.engine.support.hierarchical.ThrowableCollector.execute(ThrowableCollector.java:73) ~[junit-platform-engine-1.9.2.jar:1.9.2]
	at org.junit.platform.engine.support.hierarchical.NodeTestTask.prepare(NodeTestTask.java:123) ~[junit-platform-engine-1.9.2.jar:1.9.2]
	at org.junit.platform.engine.support.hierarchical.NodeTestTask.execute(NodeTestTask.java:90) ~[junit-platform-engine-1.9.2.jar:1.9.2]
	at java.base/java.util.ArrayList.forEach(ArrayList.java:1511) ~[na:na]
	at org.junit.platform.engine.support.hierarchical.SameThreadHierarchicalTestExecutorService.invokeAll(SameThreadHierarchicalTestExecutorService.java:41) ~[junit-platform-engine-1.9.2.jar:1.9.2]
	at org.junit.platform.engine.support.hierarchical.NodeTestTask.lambda$executeRecursively$6(NodeTestTask.java:155) ~[junit-platform-engine-1.9.2.jar:1.9.2]
	at org.junit.platform.engine.support.hierarchical.ThrowableCollector.execute(ThrowableCollector.java:73) ~[junit-platform-engine-1.9.2.jar:1.9.2]
	at org.junit.platform.engine.support.hierarchical.NodeTestTask.lambda$executeRecursively$8(NodeTestTask.java:141) ~[junit-platform-engine-1.9.2.jar:1.9.2]
	at org.junit.platform.engine.support.hierarchical.Node.around(Node.java:137) ~[junit-platform-engine-1.9.2.jar:1.9.2]
	at org.junit.platform.engine.support.hierarchical.NodeTestTask.lambda$executeRecursively$9(NodeTestTask.java:139) ~[junit-platform-engine-1.9.2.jar:1.9.2]
	at org.junit.platform.engine.support.hierarchical.ThrowableCollector.execute(ThrowableCollector.java:73) ~[junit-platform-engine-1.9.2.jar:1.9.2]
	at org.junit.platform.engine.support.hierarchical.NodeTestTask.executeRecursively(NodeTestTask.java:138) ~[junit-platform-engine-1.9.2.jar:1.9.2]
	at org.junit.platform.engine.support.hierarchical.NodeTestTask.execute(NodeTestTask.java:95) ~[junit-platform-engine-1.9.2.jar:1.9.2]
	at java.base/java.util.ArrayList.forEach(ArrayList.java:1511) ~[na:na]
	at org.junit.platform.engine.support.hierarchical.SameThreadHierarchicalTestExecutorService.invokeAll(SameThreadHierarchicalTestExecutorService.java:41) ~[junit-platform-engine-1.9.2.jar:1.9.2]
	at org.junit.platform.engine.support.hierarchical.NodeTestTask.lambda$executeRecursively$6(NodeTestTask.java:155) ~[junit-platform-engine-1.9.2.jar:1.9.2]
	at org.junit.platform.engine.support.hierarchical.ThrowableCollector.execute(ThrowableCollector.java:73) ~[junit-platform-engine-1.9.2.jar:1.9.2]
	at org.junit.platform.engine.support.hierarchical.NodeTestTask.lambda$executeRecursively$8(NodeTestTask.java:141) ~[junit-platform-engine-1.9.2.jar:1.9.2]
	at org.junit.platform.engine.support.hierarchical.Node.around(Node.java:137) ~[junit-platform-engine-1.9.2.jar:1.9.2]
	at org.junit.platform.engine.support.hierarchical.NodeTestTask.lambda$executeRecursively$9(NodeTestTask.java:139) ~[junit-platform-engine-1.9.2.jar:1.9.2]
	at org.junit.platform.engine.support.hierarchical.ThrowableCollector.execute(ThrowableCollector.java:73) ~[junit-platform-engine-1.9.2.jar:1.9.2]
	at org.junit.platform.engine.support.hierarchical.NodeTestTask.executeRecursively(NodeTestTask.java:138) ~[junit-platform-engine-1.9.2.jar:1.9.2]
	at org.junit.platform.engine.support.hierarchical.NodeTestTask.execute(NodeTestTask.java:95) ~[junit-platform-engine-1.9.2.jar:1.9.2]
	at org.junit.platform.engine.support.hierarchical.SameThreadHierarchicalTestExecutorService.submit(SameThreadHierarchicalTestExecutorService.java:35) ~[junit-platform-engine-1.9.2.jar:1.9.2]
	at org.junit.platform.engine.support.hierarchical.HierarchicalTestExecutor.execute(HierarchicalTestExecutor.java:57) ~[junit-platform-engine-1.9.2.jar:1.9.2]
	at org.junit.platform.engine.support.hierarchical.HierarchicalTestEngine.execute(HierarchicalTestEngine.java:54) ~[junit-platform-engine-1.9.2.jar:1.9.2]
	at org.junit.platform.launcher.core.DefaultLauncher.execute(DefaultLauncher.java:220) ~[junit-platform-launcher-1.3.1.jar:1.3.1]
	at org.junit.platform.launcher.core.DefaultLauncher.lambda$execute$6(DefaultLauncher.java:188) ~[junit-platform-launcher-1.3.1.jar:1.3.1]
	at org.junit.platform.launcher.core.DefaultLauncher.withInterceptedStreams(DefaultLauncher.java:202) ~[junit-platform-launcher-1.3.1.jar:1.3.1]
	at org.junit.platform.launcher.core.DefaultLauncher.execute(DefaultLauncher.java:181) ~[junit-platform-launcher-1.3.1.jar:1.3.1]
	at org.junit.platform.launcher.core.DefaultLauncher.execute(DefaultLauncher.java:128) ~[junit-platform-launcher-1.3.1.jar:1.3.1]
	at org.apache.maven.surefire.junitplatform.JUnitPlatformProvider.invokeAllTests(JUnitPlatformProvider.java:150) ~[surefire-junit-platform-2.22.2.jar:2.22.2]
	at org.apache.maven.surefire.junitplatform.JUnitPlatformProvider.invoke(JUnitPlatformProvider.java:124) ~[surefire-junit-platform-2.22.2.jar:2.22.2]
	at org.apache.maven.surefire.booter.ForkedBooter.invokeProviderInSameClassLoader(ForkedBooter.java:384) ~[surefire-booter-2.22.2.jar:2.22.2]
	at org.apache.maven.surefire.booter.ForkedBooter.runSuitesInProcess(ForkedBooter.java:345) ~[surefire-booter-2.22.2.jar:2.22.2]
	at org.apache.maven.surefire.booter.ForkedBooter.execute(ForkedBooter.java:126) ~[surefire-booter-2.22.2.jar:2.22.2]
	at org.apache.maven.surefire.booter.ForkedBooter.main(ForkedBooter.java:418) ~[surefire-booter-2.22.2.jar:2.22.2]
Caused by: org.springframework.beans.factory.UnsatisfiedDependencyException: Error creating bean with name 'authenticationService' defined in file [C:\Users\KGwandira\Desktop\personal\Spring\spring-boot-3-jwt-security\target\classes\com\alibou\security\auth\AuthenticationService.class]: Unsatisfied dependency expressed through constructor parameter 0: Error creating bean with name 'userRepository' defined in com.alibou.security.user.UserRepository defined in @EnableJpaRepositories declared on JpaRepositoriesRegistrar.EnableJpaRepositoriesConfiguration: Could not create query for public abstract boolean com.alibou.security.user.UserRepository.existsByUsername(java.lang.String); Reason: Failed to create query for method public abstract boolean com.alibou.security.user.UserRepository.existsByUsername(java.lang.String); Unable to locate Attribute with the given name [username] on this ManagedType [com.alibou.security.user.User]
	at org.springframework.beans.factory.support.ConstructorResolver.createArgumentArray(ConstructorResolver.java:798) ~[spring-beans-6.0.7.jar:6.0.7]
	at org.springframework.beans.factory.support.ConstructorResolver.autowireConstructor(ConstructorResolver.java:245) ~[spring-beans-6.0.7.jar:6.0.7]
	at org.springframework.beans.factory.support.AbstractAutowireCapableBeanFactory.autowireConstructor(AbstractAutowireCapableBeanFactory.java:1352) ~[spring-beans-6.0.7.jar:6.0.7]
	at org.springframework.beans.factory.support.AbstractAutowireCapableBeanFactory.createBeanInstance(AbstractAutowireCapableBeanFactory.java:1189) ~[spring-beans-6.0.7.jar:6.0.7]
	at org.springframework.beans.factory.support.AbstractAutowireCapableBeanFactory.doCreateBean(AbstractAutowireCapableBeanFactory.java:560) ~[spring-beans-6.0.7.jar:6.0.7]
	at org.springframework.beans.factory.support.AbstractAutowireCapableBeanFactory.createBean(AbstractAutowireCapableBeanFactory.java:520) ~[spring-beans-6.0.7.jar:6.0.7]
	at org.springframework.beans.factory.support.AbstractBeanFactory.lambda$doGetBean$0(AbstractBeanFactory.java:326) ~[spring-beans-6.0.7.jar:6.0.7]
	at org.springframework.beans.factory.support.DefaultSingletonBeanRegistry.getSingleton(DefaultSingletonBeanRegistry.java:234) ~[spring-beans-6.0.7.jar:6.0.7]
	at org.springframework.beans.factory.support.AbstractBeanFactory.doGetBean(AbstractBeanFactory.java:324) ~[spring-beans-6.0.7.jar:6.0.7]
	at org.springframework.beans.factory.support.AbstractBeanFactory.getBean(AbstractBeanFactory.java:200) ~[spring-beans-6.0.7.jar:6.0.7]
	at org.springframework.beans.factory.config.DependencyDescriptor.resolveCandidate(DependencyDescriptor.java:254) ~[spring-beans-6.0.7.jar:6.0.7]
	at org.springframework.beans.factory.support.DefaultListableBeanFactory.doResolveDependency(DefaultListableBeanFactory.java:1417) ~[spring-beans-6.0.7.jar:6.0.7]
	at org.springframework.beans.factory.support.DefaultListableBeanFactory.resolveDependency(DefaultListableBeanFactory.java:1337) ~[spring-beans-6.0.7.jar:6.0.7]
	at org.springframework.beans.factory.support.ConstructorResolver.resolveAutowiredArgument(ConstructorResolver.java:885) ~[spring-beans-6.0.7.jar:6.0.7]
	at org.springframework.beans.factory.support.ConstructorResolver.createArgumentArray(ConstructorResolver.java:789) ~[spring-beans-6.0.7.jar:6.0.7]
	... 91 common frames omitted
Caused by: org.springframework.beans.factory.BeanCreationException: Error creating bean with name 'userRepository' defined in com.alibou.security.user.UserRepository defined in @EnableJpaRepositories declared on JpaRepositoriesRegistrar.EnableJpaRepositoriesConfiguration: Could not create query for public abstract boolean com.alibou.security.user.UserRepository.existsByUsername(java.lang.String); Reason: Failed to create query for method public abstract boolean com.alibou.security.user.UserRepository.existsByUsername(java.lang.String); Unable to locate Attribute with the given name [username] on this ManagedType [com.alibou.security.user.User]
	at org.springframework.beans.factory.support.AbstractAutowireCapableBeanFactory.initializeBean(AbstractAutowireCapableBeanFactory.java:1770) ~[spring-beans-6.0.7.jar:6.0.7]
	at org.springframework.beans.factory.support.AbstractAutowireCapableBeanFactory.doCreateBean(AbstractAutowireCapableBeanFactory.java:598) ~[spring-beans-6.0.7.jar:6.0.7]
	at org.springframework.beans.factory.support.AbstractAutowireCapableBeanFactory.createBean(AbstractAutowireCapableBeanFactory.java:520) ~[spring-beans-6.0.7.jar:6.0.7]
	at org.springframework.beans.factory.support.AbstractBeanFactory.lambda$doGetBean$0(AbstractBeanFactory.java:326) ~[spring-beans-6.0.7.jar:6.0.7]
	at org.springframework.beans.factory.support.DefaultSingletonBeanRegistry.getSingleton(DefaultSingletonBeanRegistry.java:234) ~[spring-beans-6.0.7.jar:6.0.7]
	at org.springframework.beans.factory.support.AbstractBeanFactory.doGetBean(AbstractBeanFactory.java:324) ~[spring-beans-6.0.7.jar:6.0.7]
	at org.springframework.beans.factory.support.AbstractBeanFactory.getBean(AbstractBeanFactory.java:200) ~[spring-beans-6.0.7.jar:6.0.7]
	at org.springframework.beans.factory.config.DependencyDescriptor.resolveCandidate(DependencyDescriptor.java:254) ~[spring-beans-6.0.7.jar:6.0.7]
	at org.springframework.beans.factory.support.DefaultListableBeanFactory.doResolveDependency(DefaultListableBeanFactory.java:1417) ~[spring-beans-6.0.7.jar:6.0.7]
	at org.springframework.beans.factory.support.DefaultListableBeanFactory.resolveDependency(DefaultListableBeanFactory.java:1337) ~[spring-beans-6.0.7.jar:6.0.7]
	at org.springframework.beans.factory.support.ConstructorResolver.resolveAutowiredArgument(ConstructorResolver.java:885) ~[spring-beans-6.0.7.jar:6.0.7]
	at org.springframework.beans.factory.support.ConstructorResolver.createArgumentArray(ConstructorResolver.java:789) ~[spring-beans-6.0.7.jar:6.0.7]
	... 105 common frames omitted
Caused by: org.springframework.data.repository.query.QueryCreationException: Could not create query for public abstract boolean com.alibou.security.user.UserRepository.existsByUsername(java.lang.String); Reason: Failed to create query for method public abstract boolean com.alibou.security.user.UserRepository.existsByUsername(java.lang.String); Unable to locate Attribute with the given name [username] on this ManagedType [com.alibou.security.user.User]
	at org.springframework.data.repository.query.QueryCreationException.create(QueryCreationException.java:101) ~[spring-data-commons-3.0.4.jar:3.0.4]
	at org.springframework.data.repository.core.support.QueryExecutorMethodInterceptor.lookupQuery(QueryExecutorMethodInterceptor.java:115) ~[spring-data-commons-3.0.4.jar:3.0.4]
	at org.springframework.data.repository.core.support.QueryExecutorMethodInterceptor.mapMethodsToQuery(QueryExecutorMethodInterceptor.java:99) ~[spring-data-commons-3.0.4.jar:3.0.4]
	at org.springframework.data.repository.core.support.QueryExecutorMethodInterceptor.lambda$new$0(QueryExecutorMethodInterceptor.java:88) ~[spring-data-commons-3.0.4.jar:3.0.4]
	at java.base/java.util.Optional.map(Optional.java:260) ~[na:na]
	at org.springframework.data.repository.core.support.QueryExecutorMethodInterceptor.<init>(QueryExecutorMethodInterceptor.java:88) ~[spring-data-commons-3.0.4.jar:3.0.4]
	at org.springframework.data.repository.core.support.RepositoryFactorySupport.getRepository(RepositoryFactorySupport.java:357) ~[spring-data-commons-3.0.4.jar:3.0.4]
	at org.springframework.data.repository.core.support.RepositoryFactoryBeanSupport.lambda$afterPropertiesSet$5(RepositoryFactoryBeanSupport.java:279) ~[spring-data-commons-3.0.4.jar:3.0.4]
	at org.springframework.data.util.Lazy.getNullable(Lazy.java:245) ~[spring-data-commons-3.0.4.jar:3.0.4]
	at org.springframework.data.util.Lazy.get(Lazy.java:114) ~[spring-data-commons-3.0.4.jar:3.0.4]
	at org.springframework.data.repository.core.support.RepositoryFactoryBeanSupport.afterPropertiesSet(RepositoryFactoryBeanSupport.java:285) ~[spring-data-commons-3.0.4.jar:3.0.4]
	at org.springframework.data.jpa.repository.support.JpaRepositoryFactoryBean.afterPropertiesSet(JpaRepositoryFactoryBean.java:132) ~[spring-data-jpa-3.0.4.jar:3.0.4]
	at org.springframework.beans.factory.support.AbstractAutowireCapableBeanFactory.invokeInitMethods(AbstractAutowireCapableBeanFactory.java:1816) ~[spring-beans-6.0.7.jar:6.0.7]
	at org.springframework.beans.factory.support.AbstractAutowireCapableBeanFactory.initializeBean(AbstractAutowireCapableBeanFactory.java:1766) ~[spring-beans-6.0.7.jar:6.0.7]
	... 116 common frames omitted
Caused by: java.lang.IllegalArgumentException: Failed to create query for method public abstract boolean com.alibou.security.user.UserRepository.existsByUsername(java.lang.String); Unable to locate Attribute with the given name [username] on this ManagedType [com.alibou.security.user.User]
	at org.springframework.data.jpa.repository.query.PartTreeJpaQuery.<init>(PartTreeJpaQuery.java:96) ~[spring-data-jpa-3.0.4.jar:3.0.4]
	at org.springframework.data.jpa.repository.query.JpaQueryLookupStrategy$CreateQueryLookupStrategy.resolveQuery(JpaQueryLookupStrategy.java:124) ~[spring-data-jpa-3.0.4.jar:3.0.4]
	at org.springframework.data.jpa.repository.query.JpaQueryLookupStrategy$CreateIfNotFoundQueryLookupStrategy.resolveQuery(JpaQueryLookupStrategy.java:258) ~[spring-data-jpa-3.0.4.jar:3.0.4]
	at org.springframework.data.jpa.repository.query.JpaQueryLookupStrategy$AbstractQueryLookupStrategy.resolveQuery(JpaQueryLookupStrategy.java:95) ~[spring-data-jpa-3.0.4.jar:3.0.4]
	at org.springframework.data.repository.core.support.QueryExecutorMethodInterceptor.lookupQuery(QueryExecutorMethodInterceptor.java:111) ~[spring-data-commons-3.0.4.jar:3.0.4]
	... 128 common frames omitted
Caused by: java.lang.IllegalArgumentException: Unable to locate Attribute with the given name [username] on this ManagedType [com.alibou.security.user.User]
	at org.hibernate.metamodel.model.domain.AbstractManagedType.checkNotNull(AbstractManagedType.java:281) ~[hibernate-core-6.1.7.Final.jar:6.1.7.Final]
	at org.hibernate.metamodel.model.domain.AbstractManagedType.getAttribute(AbstractManagedType.java:152) ~[hibernate-core-6.1.7.Final.jar:6.1.7.Final]
	at org.hibernate.metamodel.model.domain.AbstractManagedType.getAttribute(AbstractManagedType.java:49) ~[hibernate-core-6.1.7.Final.jar:6.1.7.Final]
	at org.springframework.data.jpa.repository.query.QueryUtils.requiresOuterJoin(QueryUtils.java:835) ~[spring-data-jpa-3.0.4.jar:3.0.4]
	at org.springframework.data.jpa.repository.query.QueryUtils.toExpressionRecursively(QueryUtils.java:776) ~[spring-data-jpa-3.0.4.jar:3.0.4]
	at org.springframework.data.jpa.repository.query.QueryUtils.toExpressionRecursively(QueryUtils.java:755) ~[spring-data-jpa-3.0.4.jar:3.0.4]
	at org.springframework.data.jpa.repository.query.QueryUtils.toExpressionRecursively(QueryUtils.java:751) ~[spring-data-jpa-3.0.4.jar:3.0.4]
	at org.springframework.data.jpa.repository.query.JpaQueryCreator$PredicateBuilder.getTypedPath(JpaQueryCreator.java:383) ~[spring-data-jpa-3.0.4.jar:3.0.4]
	at org.springframework.data.jpa.repository.query.JpaQueryCreator$PredicateBuilder.build(JpaQueryCreator.java:306) ~[spring-data-jpa-3.0.4.jar:3.0.4]
	at org.springframework.data.jpa.repository.query.JpaQueryCreator.toPredicate(JpaQueryCreator.java:206) ~[spring-data-jpa-3.0.4.jar:3.0.4]
	at org.springframework.data.jpa.repository.query.JpaQueryCreator.create(JpaQueryCreator.java:122) ~[spring-data-jpa-3.0.4.jar:3.0.4]
	at org.springframework.data.jpa.repository.query.JpaQueryCreator.create(JpaQueryCreator.java:60) ~[spring-data-jpa-3.0.4.jar:3.0.4]
	at org.springframework.data.repository.query.parser.AbstractQueryCreator.createCriteria(AbstractQueryCreator.java:119) ~[spring-data-commons-3.0.4.jar:3.0.4]
	at org.springframework.data.repository.query.parser.AbstractQueryCreator.createQuery(AbstractQueryCreator.java:95) ~[spring-data-commons-3.0.4.jar:3.0.4]
	at org.springframework.data.repository.query.parser.AbstractQueryCreator.createQuery(AbstractQueryCreator.java:81) ~[spring-data-commons-3.0.4.jar:3.0.4]
	at org.springframework.data.jpa.repository.query.PartTreeJpaQuery$QueryPreparer.<init>(PartTreeJpaQuery.java:205) ~[spring-data-jpa-3.0.4.jar:3.0.4]
	at org.springframework.data.jpa.repository.query.PartTreeJpaQuery$CountQueryPreparer.<init>(PartTreeJpaQuery.java:336) ~[spring-data-jpa-3.0.4.jar:3.0.4]
	at org.springframework.data.jpa.repository.query.PartTreeJpaQuery.<init>(PartTreeJpaQuery.java:91) ~[spring-data-jpa-3.0.4.jar:3.0.4]
	... 132 common frames omitted

2023-05-22T13:02:38.247+02:00 ERROR 21088 --- [           main] o.s.test.context.TestContextManager      : Caught exception while allowing TestExecutionListener [org.springframework.test.context.web.ServletTestExecutionListener] to prepare test instance [com.alibou.security.SecurityApplicationTests@59c00010]

java.lang.IllegalStateException: Failed to load ApplicationContext for [WebMergedContextConfiguration@3516f436 testClass = com.alibou.security.SecurityApplicationTests, locations = [], classes = [com.alibou.security.SecurityApplication], contextInitializerClasses = [], activeProfiles = [], propertySourceLocations = [], propertySourceProperties = ["org.springframework.boot.test.context.SpringBootTestContextBootstrapper=true"], contextCustomizers = [org.springframework.boot.test.context.filter.ExcludeFilterContextCustomizer@4d5650ae, org.springframework.boot.test.json.DuplicateJsonObjectContextCustomizerFactory$DuplicateJsonObjectContextCustomizer@6221a451, org.springframework.boot.test.mock.mockito.MockitoContextCustomizer@0, org.springframework.boot.test.web.client.TestRestTemplateContextCustomizer@60099951, org.springframework.boot.test.autoconfigure.actuate.observability.ObservabilityContextCustomizerFactory$DisableObservabilityContextCustomizer@9da1, org.springframework.boot.test.autoconfigure.properties.PropertyMappingContextCustomizer@0, org.springframework.boot.test.autoconfigure.web.servlet.WebDriverContextCustomizerFactory$Customizer@8f2ef19, org.springframework.boot.test.context.SpringBootTestAnnotation@778033c3], resourceBasePath = "src/main/webapp", contextLoader = org.springframework.boot.test.context.SpringBootContextLoader, parent = null]
	at org.springframework.test.context.cache.DefaultCacheAwareContextLoaderDelegate.loadContext(DefaultCacheAwareContextLoaderDelegate.java:142) ~[spring-test-6.0.7.jar:6.0.7]
	at org.springframework.test.context.support.DefaultTestContext.getApplicationContext(DefaultTestContext.java:127) ~[spring-test-6.0.7.jar:6.0.7]
	at org.springframework.test.context.web.ServletTestExecutionListener.setUpRequestContextIfNecessary(ServletTestExecutionListener.java:191) ~[spring-test-6.0.7.jar:6.0.7]
	at org.springframework.test.context.web.ServletTestExecutionListener.prepareTestInstance(ServletTestExecutionListener.java:130) ~[spring-test-6.0.7.jar:6.0.7]
	at org.springframework.test.context.TestContextManager.prepareTestInstance(TestContextManager.java:241) ~[spring-test-6.0.7.jar:6.0.7]
	at org.springframework.test.context.junit.jupiter.SpringExtension.postProcessTestInstance(SpringExtension.java:138) ~[spring-test-6.0.7.jar:6.0.7]
	at org.junit.jupiter.engine.descriptor.ClassBasedTestDescriptor.lambda$invokeTestInstancePostProcessors$10(ClassBasedTestDescriptor.java:377) ~[junit-jupiter-engine-5.9.2.jar:5.9.2]
	at org.junit.jupiter.engine.descriptor.ClassBasedTestDescriptor.executeAndMaskThrowable(ClassBasedTestDescriptor.java:382) ~[junit-jupiter-engine-5.9.2.jar:5.9.2]
	at org.junit.jupiter.engine.descriptor.ClassBasedTestDescriptor.lambda$invokeTestInstancePostProcessors$11(ClassBasedTestDescriptor.java:377) ~[junit-jupiter-engine-5.9.2.jar:5.9.2]
	at java.base/java.util.stream.ReferencePipeline$3$1.accept(ReferencePipeline.java:197) ~[na:na]
	at java.base/java.util.stream.ReferencePipeline$2$1.accept(ReferencePipeline.java:179) ~[na:na]
	at java.base/java.util.ArrayList$ArrayListSpliterator.forEachRemaining(ArrayList.java:1625) ~[na:na]
	at java.base/java.util.stream.AbstractPipeline.copyInto(AbstractPipeline.java:509) ~[na:na]
	at java.base/java.util.stream.AbstractPipeline.wrapAndCopyInto(AbstractPipeline.java:499) ~[na:na]
	at java.base/java.util.stream.StreamSpliterators$WrappingSpliterator.forEachRemaining(StreamSpliterators.java:310) ~[na:na]
	at java.base/java.util.stream.Streams$ConcatSpliterator.forEachRemaining(Streams.java:735) ~[na:na]
	at java.base/java.util.stream.Streams$ConcatSpliterator.forEachRemaining(Streams.java:734) ~[na:na]
	at java.base/java.util.stream.ReferencePipeline$Head.forEach(ReferencePipeline.java:762) ~[na:na]
	at org.junit.jupiter.engine.descriptor.ClassBasedTestDescriptor.invokeTestInstancePostProcessors(ClassBasedTestDescriptor.java:376) ~[junit-jupiter-engine-5.9.2.jar:5.9.2]
	at org.junit.jupiter.engine.descriptor.ClassBasedTestDescriptor.lambda$instantiateAndPostProcessTestInstance$6(ClassBasedTestDescriptor.java:289) ~[junit-jupiter-engine-5.9.2.jar:5.9.2]
	at org.junit.platform.engine.support.hierarchical.ThrowableCollector.execute(ThrowableCollector.java:73) ~[junit-platform-engine-1.9.2.jar:1.9.2]
	at org.junit.jupiter.engine.descriptor.ClassBasedTestDescriptor.instantiateAndPostProcessTestInstance(ClassBasedTestDescriptor.java:288) ~[junit-jupiter-engine-5.9.2.jar:5.9.2]
	at org.junit.jupiter.engine.descriptor.ClassBasedTestDescriptor.lambda$testInstancesProvider$4(ClassBasedTestDescriptor.java:278) ~[junit-jupiter-engine-5.9.2.jar:5.9.2]
	at java.base/java.util.Optional.orElseGet(Optional.java:364) ~[na:na]
	at org.junit.jupiter.engine.descriptor.ClassBasedTestDescriptor.lambda$testInstancesProvider$5(ClassBasedTestDescriptor.java:277) ~[junit-jupiter-engine-5.9.2.jar:5.9.2]
	at org.junit.jupiter.engine.execution.TestInstancesProvider.getTestInstances(TestInstancesProvider.java:31) ~[junit-jupiter-engine-5.9.2.jar:5.9.2]
	at org.junit.jupiter.engine.descriptor.TestMethodTestDescriptor.lambda$prepare$0(TestMethodTestDescriptor.java:105) ~[junit-jupiter-engine-5.9.2.jar:5.9.2]
	at org.junit.platform.engine.support.hierarchical.ThrowableCollector.execute(ThrowableCollector.java:73) ~[junit-platform-engine-1.9.2.jar:1.9.2]
	at org.junit.jupiter.engine.descriptor.TestMethodTestDescriptor.prepare(TestMethodTestDescriptor.java:104) ~[junit-jupiter-engine-5.9.2.jar:5.9.2]
	at org.junit.jupiter.engine.descriptor.TestMethodTestDescriptor.prepare(TestMethodTestDescriptor.java:68) ~[junit-jupiter-engine-5.9.2.jar:5.9.2]
	at org.junit.platform.engine.support.hierarchical.NodeTestTask.lambda$prepare$2(NodeTestTask.java:123) ~[junit-platform-engine-1.9.2.jar:1.9.2]
	at org.junit.platform.engine.support.hierarchical.ThrowableCollector.execute(ThrowableCollector.java:73) ~[junit-platform-engine-1.9.2.jar:1.9.2]
	at org.junit.platform.engine.support.hierarchical.NodeTestTask.prepare(NodeTestTask.java:123) ~[junit-platform-engine-1.9.2.jar:1.9.2]
	at org.junit.platform.engine.support.hierarchical.NodeTestTask.execute(NodeTestTask.java:90) ~[junit-platform-engine-1.9.2.jar:1.9.2]
	at java.base/java.util.ArrayList.forEach(ArrayList.java:1511) ~[na:na]
	at org.junit.platform.engine.support.hierarchical.SameThreadHierarchicalTestExecutorService.invokeAll(SameThreadHierarchicalTestExecutorService.java:41) ~[junit-platform-engine-1.9.2.jar:1.9.2]
	at org.junit.platform.engine.support.hierarchical.NodeTestTask.lambda$executeRecursively$6(NodeTestTask.java:155) ~[junit-platform-engine-1.9.2.jar:1.9.2]
	at org.junit.platform.engine.support.hierarchical.ThrowableCollector.execute(ThrowableCollector.java:73) ~[junit-platform-engine-1.9.2.jar:1.9.2]
	at org.junit.platform.engine.support.hierarchical.NodeTestTask.lambda$executeRecursively$8(NodeTestTask.java:141) ~[junit-platform-engine-1.9.2.jar:1.9.2]
	at org.junit.platform.engine.support.hierarchical.Node.around(Node.java:137) ~[junit-platform-engine-1.9.2.jar:1.9.2]
	at org.junit.platform.engine.support.hierarchical.NodeTestTask.lambda$executeRecursively$9(NodeTestTask.java:139) ~[junit-platform-engine-1.9.2.jar:1.9.2]
	at org.junit.platform.engine.support.hierarchical.ThrowableCollector.execute(ThrowableCollector.java:73) ~[junit-platform-engine-1.9.2.jar:1.9.2]
	at org.junit.platform.engine.support.hierarchical.NodeTestTask.executeRecursively(NodeTestTask.java:138) ~[junit-platform-engine-1.9.2.jar:1.9.2]
	at org.junit.platform.engine.support.hierarchical.NodeTestTask.execute(NodeTestTask.java:95) ~[junit-platform-engine-1.9.2.jar:1.9.2]
	at java.base/java.util.ArrayList.forEach(ArrayList.java:1511) ~[na:na]
	at org.junit.platform.engine.support.hierarchical.SameThreadHierarchicalTestExecutorService.invokeAll(SameThreadHierarchicalTestExecutorService.java:41) ~[junit-platform-engine-1.9.2.jar:1.9.2]
	at org.junit.platform.engine.support.hierarchical.NodeTestTask.lambda$executeRecursively$6(NodeTestTask.java:155) ~[junit-platform-engine-1.9.2.jar:1.9.2]
	at org.junit.platform.engine.support.hierarchical.ThrowableCollector.execute(ThrowableCollector.java:73) ~[junit-platform-engine-1.9.2.jar:1.9.2]
	at org.junit.platform.engine.support.hierarchical.NodeTestTask.lambda$executeRecursively$8(NodeTestTask.java:141) ~[junit-platform-engine-1.9.2.jar:1.9.2]
	at org.junit.platform.engine.support.hierarchical.Node.around(Node.java:137) ~[junit-platform-engine-1.9.2.jar:1.9.2]
	at org.junit.platform.engine.support.hierarchical.NodeTestTask.lambda$executeRecursively$9(NodeTestTask.java:139) ~[junit-platform-engine-1.9.2.jar:1.9.2]
	at org.junit.platform.engine.support.hierarchical.ThrowableCollector.execute(ThrowableCollector.java:73) ~[junit-platform-engine-1.9.2.jar:1.9.2]
	at org.junit.platform.engine.support.hierarchical.NodeTestTask.executeRecursively(NodeTestTask.java:138) ~[junit-platform-engine-1.9.2.jar:1.9.2]
	at org.junit.platform.engine.support.hierarchical.NodeTestTask.execute(NodeTestTask.java:95) ~[junit-platform-engine-1.9.2.jar:1.9.2]
	at org.junit.platform.engine.support.hierarchical.SameThreadHierarchicalTestExecutorService.submit(SameThreadHierarchicalTestExecutorService.java:35) ~[junit-platform-engine-1.9.2.jar:1.9.2]
	at org.junit.platform.engine.support.hierarchical.HierarchicalTestExecutor.execute(HierarchicalTestExecutor.java:57) ~[junit-platform-engine-1.9.2.jar:1.9.2]
	at org.junit.platform.engine.support.hierarchical.HierarchicalTestEngine.execute(HierarchicalTestEngine.java:54) ~[junit-platform-engine-1.9.2.jar:1.9.2]
	at org.junit.platform.launcher.core.DefaultLauncher.execute(DefaultLauncher.java:220) ~[junit-platform-launcher-1.3.1.jar:1.3.1]
	at org.junit.platform.launcher.core.DefaultLauncher.lambda$execute$6(DefaultLauncher.java:188) ~[junit-platform-launcher-1.3.1.jar:1.3.1]
	at org.junit.platform.launcher.core.DefaultLauncher.withInterceptedStreams(DefaultLauncher.java:202) ~[junit-platform-launcher-1.3.1.jar:1.3.1]
	at org.junit.platform.launcher.core.DefaultLauncher.execute(DefaultLauncher.java:181) ~[junit-platform-launcher-1.3.1.jar:1.3.1]
	at org.junit.platform.launcher.core.DefaultLauncher.execute(DefaultLauncher.java:128) ~[junit-platform-launcher-1.3.1.jar:1.3.1]
	at org.apache.maven.surefire.junitplatform.JUnitPlatformProvider.invokeAllTests(JUnitPlatformProvider.java:150) ~[surefire-junit-platform-2.22.2.jar:2.22.2]
	at org.apache.maven.surefire.junitplatform.JUnitPlatformProvider.invoke(JUnitPlatformProvider.java:124) ~[surefire-junit-platform-2.22.2.jar:2.22.2]
	at org.apache.maven.surefire.booter.ForkedBooter.invokeProviderInSameClassLoader(ForkedBooter.java:384) ~[surefire-booter-2.22.2.jar:2.22.2]
	at org.apache.maven.surefire.booter.ForkedBooter.runSuitesInProcess(ForkedBooter.java:345) ~[surefire-booter-2.22.2.jar:2.22.2]
	at org.apache.maven.surefire.booter.ForkedBooter.execute(ForkedBooter.java:126) ~[surefire-booter-2.22.2.jar:2.22.2]
	at org.apache.maven.surefire.booter.ForkedBooter.main(ForkedBooter.java:418) ~[surefire-booter-2.22.2.jar:2.22.2]
Caused by: org.springframework.beans.factory.UnsatisfiedDependencyException: Error creating bean with name 'authenticationController' defined in file [C:\Users\KGwandira\Desktop\personal\Spring\spring-boot-3-jwt-security\target\classes\com\alibou\security\auth\AuthenticationController.class]: Unsatisfied dependency expressed through constructor parameter 0: Error creating bean with name 'authenticationService' defined in file [C:\Users\KGwandira\Desktop\personal\Spring\spring-boot-3-jwt-security\target\classes\com\alibou\security\auth\AuthenticationService.class]: Unsatisfied dependency expressed through constructor parameter 0: Error creating bean with name 'userRepository' defined in com.alibou.security.user.UserRepository defined in @EnableJpaRepositories declared on JpaRepositoriesRegistrar.EnableJpaRepositoriesConfiguration: Could not create query for public abstract boolean com.alibou.security.user.UserRepository.existsByUsername(java.lang.String); Reason: Failed to create query for method public abstract boolean com.alibou.security.user.UserRepository.existsByUsername(java.lang.String); Unable to locate Attribute with the given name [username] on this ManagedType [com.alibou.security.user.User]
	at org.springframework.beans.factory.support.ConstructorResolver.createArgumentArray(ConstructorResolver.java:798) ~[spring-beans-6.0.7.jar:6.0.7]
	at org.springframework.beans.factory.support.ConstructorResolver.autowireConstructor(ConstructorResolver.java:245) ~[spring-beans-6.0.7.jar:6.0.7]
	at org.springframework.beans.factory.support.AbstractAutowireCapableBeanFactory.autowireConstructor(AbstractAutowireCapableBeanFactory.java:1352) ~[spring-beans-6.0.7.jar:6.0.7]
	at org.springframework.beans.factory.support.AbstractAutowireCapableBeanFactory.createBeanInstance(AbstractAutowireCapableBeanFactory.java:1189) ~[spring-beans-6.0.7.jar:6.0.7]
	at org.springframework.beans.factory.support.AbstractAutowireCapableBeanFactory.doCreateBean(AbstractAutowireCapableBeanFactory.java:560) ~[spring-beans-6.0.7.jar:6.0.7]
	at org.springframework.beans.factory.support.AbstractAutowireCapableBeanFactory.createBean(AbstractAutowireCapableBeanFactory.java:520) ~[spring-beans-6.0.7.jar:6.0.7]
	at org.springframework.beans.factory.support.AbstractBeanFactory.lambda$doGetBean$0(AbstractBeanFactory.java:326) ~[spring-beans-6.0.7.jar:6.0.7]
	at org.springframework.beans.factory.support.DefaultSingletonBeanRegistry.getSingleton(DefaultSingletonBeanRegistry.java:234) ~[spring-beans-6.0.7.jar:6.0.7]
	at org.springframework.beans.factory.support.AbstractBeanFactory.doGetBean(AbstractBeanFactory.java:324) ~[spring-beans-6.0.7.jar:6.0.7]
	at org.springframework.beans.factory.support.AbstractBeanFactory.getBean(AbstractBeanFactory.java:200) ~[spring-beans-6.0.7.jar:6.0.7]
	at org.springframework.beans.factory.support.DefaultListableBeanFactory.preInstantiateSingletons(DefaultListableBeanFactory.java:973) ~[spring-beans-6.0.7.jar:6.0.7]
	at org.springframework.context.support.AbstractApplicationContext.finishBeanFactoryInitialization(AbstractApplicationContext.java:917) ~[spring-context-6.0.7.jar:6.0.7]
	at org.springframework.context.support.AbstractApplicationContext.refresh(AbstractApplicationContext.java:584) ~[spring-context-6.0.7.jar:6.0.7]
	at org.springframework.boot.SpringApplication.refresh(SpringApplication.java:732) ~[spring-boot-3.0.5.jar:3.0.5]
	at org.springframework.boot.SpringApplication.refreshContext(SpringApplication.java:434) ~[spring-boot-3.0.5.jar:3.0.5]
	at org.springframework.boot.SpringApplication.run(SpringApplication.java:310) ~[spring-boot-3.0.5.jar:3.0.5]
	at org.springframework.boot.test.context.SpringBootContextLoader.lambda$loadContext$3(SpringBootContextLoader.java:137) ~[spring-boot-test-3.0.5.jar:3.0.5]
	at org.springframework.util.function.ThrowingSupplier.get(ThrowingSupplier.java:58) ~[spring-core-6.0.7.jar:6.0.7]
	at org.springframework.util.function.ThrowingSupplier.get(ThrowingSupplier.java:46) ~[spring-core-6.0.7.jar:6.0.7]
	at org.springframework.boot.SpringApplication.withHook(SpringApplication.java:1388) ~[spring-boot-3.0.5.jar:3.0.5]
	at org.springframework.boot.test.context.SpringBootContextLoader$ContextLoaderHook.run(SpringBootContextLoader.java:545) ~[spring-boot-test-3.0.5.jar:3.0.5]
	at org.springframework.boot.test.context.SpringBootContextLoader.loadContext(SpringBootContextLoader.java:137) ~[spring-boot-test-3.0.5.jar:3.0.5]
	at org.springframework.boot.test.context.SpringBootContextLoader.loadContext(SpringBootContextLoader.java:108) ~[spring-boot-test-3.0.5.jar:3.0.5]
	at org.springframework.test.context.cache.DefaultCacheAwareContextLoaderDelegate.loadContextInternal(DefaultCacheAwareContextLoaderDelegate.java:184) ~[spring-test-6.0.7.jar:6.0.7]
	at org.springframework.test.context.cache.DefaultCacheAwareContextLoaderDelegate.loadContext(DefaultCacheAwareContextLoaderDelegate.java:118) ~[spring-test-6.0.7.jar:6.0.7]
	... 67 common frames omitted
Caused by: org.springframework.beans.factory.UnsatisfiedDependencyException: Error creating bean with name 'authenticationService' defined in file [C:\Users\KGwandira\Desktop\personal\Spring\spring-boot-3-jwt-security\target\classes\com\alibou\security\auth\AuthenticationService.class]: Unsatisfied dependency expressed through constructor parameter 0: Error creating bean with name 'userRepository' defined in com.alibou.security.user.UserRepository defined in @EnableJpaRepositories declared on JpaRepositoriesRegistrar.EnableJpaRepositoriesConfiguration: Could not create query for public abstract boolean com.alibou.security.user.UserRepository.existsByUsername(java.lang.String); Reason: Failed to create query for method public abstract boolean com.alibou.security.user.UserRepository.existsByUsername(java.lang.String); Unable to locate Attribute with the given name [username] on this ManagedType [com.alibou.security.user.User]
	at org.springframework.beans.factory.support.ConstructorResolver.createArgumentArray(ConstructorResolver.java:798) ~[spring-beans-6.0.7.jar:6.0.7]
	at org.springframework.beans.factory.support.ConstructorResolver.autowireConstructor(ConstructorResolver.java:245) ~[spring-beans-6.0.7.jar:6.0.7]
	at org.springframework.beans.factory.support.AbstractAutowireCapableBeanFactory.autowireConstructor(AbstractAutowireCapableBeanFactory.java:1352) ~[spring-beans-6.0.7.jar:6.0.7]
	at org.springframework.beans.factory.support.AbstractAutowireCapableBeanFactory.createBeanInstance(AbstractAutowireCapableBeanFactory.java:1189) ~[spring-beans-6.0.7.jar:6.0.7]
	at org.springframework.beans.factory.support.AbstractAutowireCapableBeanFactory.doCreateBean(AbstractAutowireCapableBeanFactory.java:560) ~[spring-beans-6.0.7.jar:6.0.7]
	at org.springframework.beans.factory.support.AbstractAutowireCapableBeanFactory.createBean(AbstractAutowireCapableBeanFactory.java:520) ~[spring-beans-6.0.7.jar:6.0.7]
	at org.springframework.beans.factory.support.AbstractBeanFactory.lambda$doGetBean$0(AbstractBeanFactory.java:326) ~[spring-beans-6.0.7.jar:6.0.7]
	at org.springframework.beans.factory.support.DefaultSingletonBeanRegistry.getSingleton(DefaultSingletonBeanRegistry.java:234) ~[spring-beans-6.0.7.jar:6.0.7]
	at org.springframework.beans.factory.support.AbstractBeanFactory.doGetBean(AbstractBeanFactory.java:324) ~[spring-beans-6.0.7.jar:6.0.7]
	at org.springframework.beans.factory.support.AbstractBeanFactory.getBean(AbstractBeanFactory.java:200) ~[spring-beans-6.0.7.jar:6.0.7]
	at org.springframework.beans.factory.config.DependencyDescriptor.resolveCandidate(DependencyDescriptor.java:254) ~[spring-beans-6.0.7.jar:6.0.7]
	at org.springframework.beans.factory.support.DefaultListableBeanFactory.doResolveDependency(DefaultListableBeanFactory.java:1417) ~[spring-beans-6.0.7.jar:6.0.7]
	at org.springframework.beans.factory.support.DefaultListableBeanFactory.resolveDependency(DefaultListableBeanFactory.java:1337) ~[spring-beans-6.0.7.jar:6.0.7]
	at org.springframework.beans.factory.support.ConstructorResolver.resolveAutowiredArgument(ConstructorResolver.java:885) ~[spring-beans-6.0.7.jar:6.0.7]
	at org.springframework.beans.factory.support.ConstructorResolver.createArgumentArray(ConstructorResolver.java:789) ~[spring-beans-6.0.7.jar:6.0.7]
	... 91 common frames omitted
Caused by: org.springframework.beans.factory.BeanCreationException: Error creating bean with name 'userRepository' defined in com.alibou.security.user.UserRepository defined in @EnableJpaRepositories declared on JpaRepositoriesRegistrar.EnableJpaRepositoriesConfiguration: Could not create query for public abstract boolean com.alibou.security.user.UserRepository.existsByUsername(java.lang.String); Reason: Failed to create query for method public abstract boolean com.alibou.security.user.UserRepository.existsByUsername(java.lang.String); Unable to locate Attribute with the given name [username] on this ManagedType [com.alibou.security.user.User]
	at org.springframework.beans.factory.support.AbstractAutowireCapableBeanFactory.initializeBean(AbstractAutowireCapableBeanFactory.java:1770) ~[spring-beans-6.0.7.jar:6.0.7]
	at org.springframework.beans.factory.support.AbstractAutowireCapableBeanFactory.doCreateBean(AbstractAutowireCapableBeanFactory.java:598) ~[spring-beans-6.0.7.jar:6.0.7]
	at org.springframework.beans.factory.support.AbstractAutowireCapableBeanFactory.createBean(AbstractAutowireCapableBeanFactory.java:520) ~[spring-beans-6.0.7.jar:6.0.7]
	at org.springframework.beans.factory.support.AbstractBeanFactory.lambda$doGetBean$0(AbstractBeanFactory.java:326) ~[spring-beans-6.0.7.jar:6.0.7]
	at org.springframework.beans.factory.support.DefaultSingletonBeanRegistry.getSingleton(DefaultSingletonBeanRegistry.java:234) ~[spring-beans-6.0.7.jar:6.0.7]
	at org.springframework.beans.factory.support.AbstractBeanFactory.doGetBean(AbstractBeanFactory.java:324) ~[spring-beans-6.0.7.jar:6.0.7]
	at org.springframework.beans.factory.support.AbstractBeanFactory.getBean(AbstractBeanFactory.java:200) ~[spring-beans-6.0.7.jar:6.0.7]
	at org.springframework.beans.factory.config.DependencyDescriptor.resolveCandidate(DependencyDescriptor.java:254) ~[spring-beans-6.0.7.jar:6.0.7]
	at org.springframework.beans.factory.support.DefaultListableBeanFactory.doResolveDependency(DefaultListableBeanFactory.java:1417) ~[spring-beans-6.0.7.jar:6.0.7]
	at org.springframework.beans.factory.support.DefaultListableBeanFactory.resolveDependency(DefaultListableBeanFactory.java:1337) ~[spring-beans-6.0.7.jar:6.0.7]
	at org.springframework.beans.factory.support.ConstructorResolver.resolveAutowiredArgument(ConstructorResolver.java:885) ~[spring-beans-6.0.7.jar:6.0.7]
	at org.springframework.beans.factory.support.ConstructorResolver.createArgumentArray(ConstructorResolver.java:789) ~[spring-beans-6.0.7.jar:6.0.7]
	... 105 common frames omitted
Caused by: org.springframework.data.repository.query.QueryCreationException: Could not create query for public abstract boolean com.alibou.security.user.UserRepository.existsByUsername(java.lang.String); Reason: Failed to create query for method public abstract boolean com.alibou.security.user.UserRepository.existsByUsername(java.lang.String); Unable to locate Attribute with the given name [username] on this ManagedType [com.alibou.security.user.User]
	at org.springframework.data.repository.query.QueryCreationException.create(QueryCreationException.java:101) ~[spring-data-commons-3.0.4.jar:3.0.4]
	at org.springframework.data.repository.core.support.QueryExecutorMethodInterceptor.lookupQuery(QueryExecutorMethodInterceptor.java:115) ~[spring-data-commons-3.0.4.jar:3.0.4]
	at org.springframework.data.repository.core.support.QueryExecutorMethodInterceptor.mapMethodsToQuery(QueryExecutorMethodInterceptor.java:99) ~[spring-data-commons-3.0.4.jar:3.0.4]
	at org.springframework.data.repository.core.support.QueryExecutorMethodInterceptor.lambda$new$0(QueryExecutorMethodInterceptor.java:88) ~[spring-data-commons-3.0.4.jar:3.0.4]
	at java.base/java.util.Optional.map(Optional.java:260) ~[na:na]
	at org.springframework.data.repository.core.support.QueryExecutorMethodInterceptor.<init>(QueryExecutorMethodInterceptor.java:88) ~[spring-data-commons-3.0.4.jar:3.0.4]
	at org.springframework.data.repository.core.support.RepositoryFactorySupport.getRepository(RepositoryFactorySupport.java:357) ~[spring-data-commons-3.0.4.jar:3.0.4]
	at org.springframework.data.repository.core.support.RepositoryFactoryBeanSupport.lambda$afterPropertiesSet$5(RepositoryFactoryBeanSupport.java:279) ~[spring-data-commons-3.0.4.jar:3.0.4]
	at org.springframework.data.util.Lazy.getNullable(Lazy.java:245) ~[spring-data-commons-3.0.4.jar:3.0.4]
	at org.springframework.data.util.Lazy.get(Lazy.java:114) ~[spring-data-commons-3.0.4.jar:3.0.4]
	at org.springframework.data.repository.core.support.RepositoryFactoryBeanSupport.afterPropertiesSet(RepositoryFactoryBeanSupport.java:285) ~[spring-data-commons-3.0.4.jar:3.0.4]
	at org.springframework.data.jpa.repository.support.JpaRepositoryFactoryBean.afterPropertiesSet(JpaRepositoryFactoryBean.java:132) ~[spring-data-jpa-3.0.4.jar:3.0.4]
	at org.springframework.beans.factory.support.AbstractAutowireCapableBeanFactory.invokeInitMethods(AbstractAutowireCapableBeanFactory.java:1816) ~[spring-beans-6.0.7.jar:6.0.7]
	at org.springframework.beans.factory.support.AbstractAutowireCapableBeanFactory.initializeBean(AbstractAutowireCapableBeanFactory.java:1766) ~[spring-beans-6.0.7.jar:6.0.7]
	... 116 common frames omitted
Caused by: java.lang.IllegalArgumentException: Failed to create query for method public abstract boolean com.alibou.security.user.UserRepository.existsByUsername(java.lang.String); Unable to locate Attribute with the given name [username] on this ManagedType [com.alibou.security.user.User]
	at org.springframework.data.jpa.repository.query.PartTreeJpaQuery.<init>(PartTreeJpaQuery.java:96) ~[spring-data-jpa-3.0.4.jar:3.0.4]
	at org.springframework.data.jpa.repository.query.JpaQueryLookupStrategy$CreateQueryLookupStrategy.resolveQuery(JpaQueryLookupStrategy.java:124) ~[spring-data-jpa-3.0.4.jar:3.0.4]
	at org.springframework.data.jpa.repository.query.JpaQueryLookupStrategy$CreateIfNotFoundQueryLookupStrategy.resolveQuery(JpaQueryLookupStrategy.java:258) ~[spring-data-jpa-3.0.4.jar:3.0.4]
	at org.springframework.data.jpa.repository.query.JpaQueryLookupStrategy$AbstractQueryLookupStrategy.resolveQuery(JpaQueryLookupStrategy.java:95) ~[spring-data-jpa-3.0.4.jar:3.0.4]
	at org.springframework.data.repository.core.support.QueryExecutorMethodInterceptor.lookupQuery(QueryExecutorMethodInterceptor.java:111) ~[spring-data-commons-3.0.4.jar:3.0.4]
	... 128 common frames omitted
Caused by: java.lang.IllegalArgumentException: Unable to locate Attribute with the given name [username] on this ManagedType [com.alibou.security.user.User]
	at org.hibernate.metamodel.model.domain.AbstractManagedType.checkNotNull(AbstractManagedType.java:281) ~[hibernate-core-6.1.7.Final.jar:6.1.7.Final]
	at org.hibernate.metamodel.model.domain.AbstractManagedType.getAttribute(AbstractManagedType.java:152) ~[hibernate-core-6.1.7.Final.jar:6.1.7.Final]
	at org.hibernate.metamodel.model.domain.AbstractManagedType.getAttribute(AbstractManagedType.java:49) ~[hibernate-core-6.1.7.Final.jar:6.1.7.Final]
	at org.springframework.data.jpa.repository.query.QueryUtils.requiresOuterJoin(QueryUtils.java:835) ~[spring-data-jpa-3.0.4.jar:3.0.4]
	at org.springframework.data.jpa.repository.query.QueryUtils.toExpressionRecursively(QueryUtils.java:776) ~[spring-data-jpa-3.0.4.jar:3.0.4]
	at org.springframework.data.jpa.repository.query.QueryUtils.toExpressionRecursively(QueryUtils.java:755) ~[spring-data-jpa-3.0.4.jar:3.0.4]
	at org.springframework.data.jpa.repository.query.QueryUtils.toExpressionRecursively(QueryUtils.java:751) ~[spring-data-jpa-3.0.4.jar:3.0.4]
	at org.springframework.data.jpa.repository.query.JpaQueryCreator$PredicateBuilder.getTypedPath(JpaQueryCreator.java:383) ~[spring-data-jpa-3.0.4.jar:3.0.4]
	at org.springframework.data.jpa.repository.query.JpaQueryCreator$PredicateBuilder.build(JpaQueryCreator.java:306) ~[spring-data-jpa-3.0.4.jar:3.0.4]
	at org.springframework.data.jpa.repository.query.JpaQueryCreator.toPredicate(JpaQueryCreator.java:206) ~[spring-data-jpa-3.0.4.jar:3.0.4]
	at org.springframework.data.jpa.repository.query.JpaQueryCreator.create(JpaQueryCreator.java:122) ~[spring-data-jpa-3.0.4.jar:3.0.4]
	at org.springframework.data.jpa.repository.query.JpaQueryCreator.create(JpaQueryCreator.java:60) ~[spring-data-jpa-3.0.4.jar:3.0.4]
	at org.springframework.data.repository.query.parser.AbstractQueryCreator.createCriteria(AbstractQueryCreator.java:119) ~[spring-data-commons-3.0.4.jar:3.0.4]
	at org.springframework.data.repository.query.parser.AbstractQueryCreator.createQuery(AbstractQueryCreator.java:95) ~[spring-data-commons-3.0.4.jar:3.0.4]
	at org.springframework.data.repository.query.parser.AbstractQueryCreator.createQuery(AbstractQueryCreator.java:81) ~[spring-data-commons-3.0.4.jar:3.0.4]
	at org.springframework.data.jpa.repository.query.PartTreeJpaQuery$QueryPreparer.<init>(PartTreeJpaQuery.java:205) ~[spring-data-jpa-3.0.4.jar:3.0.4]
	at org.springframework.data.jpa.repository.query.PartTreeJpaQuery$CountQueryPreparer.<init>(PartTreeJpaQuery.java:336) ~[spring-data-jpa-3.0.4.jar:3.0.4]
	at org.springframework.data.jpa.repository.query.PartTreeJpaQuery.<init>(PartTreeJpaQuery.java:91) ~[spring-data-jpa-3.0.4.jar:3.0.4]
	... 132 common frames omitted

]]></system-out>
    <system-err><![CDATA[


============================
CONDITIONS EVALUATION REPORT
============================


Positive matches:
-----------------

    None


Negative matches:
-----------------

    None


Exclusions:
-----------

    None


Unconditional classes:
----------------------

    None



]]></system-err>
  </testcase>
</testsuite>